2024-04-03 10:08:27,740 - {'function_name': 'execute', 'calling_file': '/home/tkv29/progress-bar/TracEX/tracex/extraction/logic/modules/module_patient_journey_preprocessor.py', 'execution_time': '52.01722 seconds'}
2024-04-03 10:08:37,311 - {'function_name': 'execute_and_save', 'calling_file': '/home/tkv29/progress-bar/TracEX/tracex/extraction/logic/modules/module_cohort_tagger.py', 'execution_time': '9.56491 seconds'}
2024-04-03 10:08:40,015 - {'function_name': 'execute', 'calling_file': '/home/tkv29/progress-bar/TracEX/tracex/extraction/logic/modules/module_activity_labeler.py', 'execution_time': '2.69985 seconds'}
2024-04-03 10:10:08,604 - {'function_name': 'execute', 'calling_file': '/home/tkv29/progress-bar/TracEX/tracex/extraction/logic/modules/module_patient_journey_preprocessor.py', 'execution_time': '40.56980 seconds'}
2024-04-03 10:10:17,005 - {'function_name': 'execute_and_save', 'calling_file': '/home/tkv29/progress-bar/TracEX/tracex/extraction/logic/modules/module_cohort_tagger.py', 'execution_time': '8.39353 seconds'}
2024-04-03 10:10:19,538 - {'function_name': 'execute', 'calling_file': '/home/tkv29/progress-bar/TracEX/tracex/extraction/logic/modules/module_activity_labeler.py', 'execution_time': '2.52942 seconds'}
2024-04-03 10:10:48,960 - {'function_name': 'execute', 'calling_file': '/home/tkv29/progress-bar/TracEX/tracex/extraction/logic/modules/module_time_extractor_backup.py', 'execution_time': '29.41528 seconds'}
2024-04-03 10:12:04,260 - {'function_name': 'execute', 'calling_file': '/home/tkv29/progress-bar/TracEX/tracex/extraction/logic/modules/module_event_type_classifier.py', 'execution_time': '75.29630 seconds'}
2024-04-03 10:12:39,086 - {'function_name': 'execute', 'calling_file': '/home/tkv29/progress-bar/TracEX/tracex/extraction/logic/modules/module_location_extractor.py', 'execution_time': '34.82137 seconds'}
2024-04-03 10:19:35,760 - {'function_name': 'execute', 'calling_file': '/home/tkv29/progress-bar/TracEX/tracex/extraction/logic/modules/module_patient_journey_preprocessor.py', 'execution_time': '40.99367 seconds'}
2024-04-03 10:19:44,543 - {'function_name': 'execute_and_save', 'calling_file': '/home/tkv29/progress-bar/TracEX/tracex/extraction/logic/modules/module_cohort_tagger.py', 'execution_time': '8.77731 seconds'}
2024-04-03 10:19:46,428 - {'function_name': 'execute', 'calling_file': '/home/tkv29/progress-bar/TracEX/tracex/extraction/logic/modules/module_activity_labeler.py', 'execution_time': '1.88091 seconds'}
2024-04-03 10:20:17,475 - {'function_name': 'execute', 'calling_file': '/home/tkv29/progress-bar/TracEX/tracex/extraction/logic/modules/module_time_extractor_backup.py', 'execution_time': '31.04081 seconds'}
2024-04-03 10:21:42,532 - {'function_name': 'execute', 'calling_file': '/home/tkv29/progress-bar/TracEX/tracex/extraction/logic/modules/module_event_type_classifier.py', 'execution_time': '85.05116 seconds'}
2024-04-03 10:28:58,726 - {'function_name': 'execute', 'calling_file': '/home/tkv29/progress-bar/TracEX/tracex/extraction/logic/modules/module_patient_journey_preprocessor.py', 'execution_time': '46.91716 seconds'}
2024-04-03 10:29:06,179 - {'function_name': 'execute', 'calling_file': '/home/tkv29/progress-bar/TracEX/tracex/extraction/logic/modules/module_patient_journey_preprocessor.py', 'execution_time': '44.27106 seconds'}
2024-04-03 10:32:33,211 - {'function_name': 'execute', 'calling_file': '/home/tkv29/progress-bar/TracEX/tracex/extraction/logic/modules/module_patient_journey_preprocessor.py', 'execution_time': '45.50913 seconds'}
2024-04-03 10:32:40,462 - {'function_name': 'execute_and_save', 'calling_file': '/home/tkv29/progress-bar/TracEX/tracex/extraction/logic/modules/module_cohort_tagger.py', 'execution_time': '7.24497 seconds'}
2024-04-03 10:32:42,664 - {'function_name': 'execute', 'calling_file': '/home/tkv29/progress-bar/TracEX/tracex/extraction/logic/modules/module_activity_labeler.py', 'execution_time': '2.19793 seconds'}
2024-04-03 10:33:28,097 - {'function_name': 'execute', 'calling_file': '/home/tkv29/progress-bar/TracEX/tracex/extraction/logic/modules/module_time_extractor_backup.py', 'execution_time': '45.42176 seconds'}
2024-04-03 10:35:48,234 - {'function_name': 'execute', 'calling_file': '/home/tkv29/progress-bar/TracEX/tracex/extraction/logic/modules/module_event_type_classifier.py', 'execution_time': '140.13037 seconds'}
2024-04-03 10:36:39,608 - {'function_name': 'execute', 'calling_file': '/home/tkv29/progress-bar/TracEX/tracex/extraction/logic/modules/module_location_extractor.py', 'execution_time': '51.36881 seconds'}
2024-04-03 10:49:27,341 - {'function_name': 'execute', 'calling_file': '/home/tkv29/progress-bar/TracEX/tracex/extraction/logic/modules/module_patient_journey_preprocessor.py', 'execution_time': '32.11072 seconds'}
2024-04-03 10:49:36,300 - {'function_name': 'execute_and_save', 'calling_file': '/home/tkv29/progress-bar/TracEX/tracex/extraction/logic/modules/module_cohort_tagger.py', 'execution_time': '8.95348 seconds'}
2024-04-03 10:49:38,632 - {'function_name': 'execute', 'calling_file': '/home/tkv29/progress-bar/TracEX/tracex/extraction/logic/modules/module_activity_labeler.py', 'execution_time': '2.32764 seconds'}
2024-04-03 10:50:16,599 - {'function_name': 'execute', 'calling_file': '/home/tkv29/progress-bar/TracEX/tracex/extraction/logic/modules/module_time_extractor_backup.py', 'execution_time': '37.96070 seconds'}
2024-04-03 10:50:48,236 - {'function_name': 'execute', 'calling_file': '/home/tkv29/progress-bar/TracEX/tracex/extraction/logic/modules/module_patient_journey_preprocessor.py', 'execution_time': '41.80188 seconds'}
2024-04-03 10:50:56,341 - {'function_name': 'execute_and_save', 'calling_file': '/home/tkv29/progress-bar/TracEX/tracex/extraction/logic/modules/module_cohort_tagger.py', 'execution_time': '8.10014 seconds'}
2024-04-03 10:50:58,465 - {'function_name': 'execute', 'calling_file': '/home/tkv29/progress-bar/TracEX/tracex/extraction/logic/modules/module_activity_labeler.py', 'execution_time': '2.12052 seconds'}
2024-04-03 10:51:26,958 - {'function_name': 'execute', 'calling_file': '/home/tkv29/progress-bar/TracEX/tracex/extraction/logic/modules/module_time_extractor_backup.py', 'execution_time': '28.48682 seconds'}
2024-04-03 10:52:03,162 - {'function_name': 'execute', 'calling_file': '/home/tkv29/progress-bar/TracEX/tracex/extraction/logic/modules/module_event_type_classifier.py', 'execution_time': '106.55686 seconds'}
2024-04-03 10:52:03,545 - {'function_name': 'execute', 'calling_file': '/home/tkv29/progress-bar/TracEX/tracex/extraction/logic/modules/module_patient_journey_preprocessor.py', 'execution_time': '37.09071 seconds'}
2024-04-03 10:52:10,504 - {'function_name': 'execute_and_save', 'calling_file': '/home/tkv29/progress-bar/TracEX/tracex/extraction/logic/modules/module_cohort_tagger.py', 'execution_time': '6.95281 seconds'}
2024-04-03 10:52:12,679 - {'function_name': 'execute', 'calling_file': '/home/tkv29/progress-bar/TracEX/tracex/extraction/logic/modules/module_activity_labeler.py', 'execution_time': '2.17168 seconds'}
2024-04-03 10:52:41,387 - {'function_name': 'execute', 'calling_file': '/home/tkv29/progress-bar/TracEX/tracex/extraction/logic/modules/module_time_extractor_backup.py', 'execution_time': '28.70121 seconds'}
2024-04-03 10:53:59,610 - {'function_name': 'execute', 'calling_file': '/home/tkv29/progress-bar/TracEX/tracex/extraction/logic/modules/module_event_type_classifier.py', 'execution_time': '78.21649 seconds'}
2024-04-03 10:54:37,113 - {'function_name': 'execute', 'calling_file': '/home/tkv29/progress-bar/TracEX/tracex/extraction/logic/modules/module_location_extractor.py', 'execution_time': '37.49720 seconds'}
2024-04-03 11:07:03,093 - {'function_name': 'execute', 'calling_file': '/home/tkv29/progress-bar/TracEX/tracex/extraction/logic/modules/module_patient_journey_preprocessor.py', 'execution_time': '47.92335 seconds'}
2024-04-03 11:07:10,598 - {'function_name': 'execute_and_save', 'calling_file': '/home/tkv29/progress-bar/TracEX/tracex/extraction/logic/modules/module_cohort_tagger.py', 'execution_time': '7.49767 seconds'}
2024-04-03 11:07:12,664 - {'function_name': 'execute', 'calling_file': '/home/tkv29/progress-bar/TracEX/tracex/extraction/logic/modules/module_activity_labeler.py', 'execution_time': '2.06132 seconds'}
2024-04-03 11:24:28,058 - {'function_name': 'execute', 'calling_file': '/home/tkv29/progress-bar/TracEX/tracex/extraction/logic/modules/module_patient_journey_preprocessor.py', 'execution_time': '47.51038 seconds'}
2024-04-03 11:24:36,226 - {'function_name': 'execute_and_save', 'calling_file': '/home/tkv29/progress-bar/TracEX/tracex/extraction/logic/modules/module_cohort_tagger.py', 'execution_time': '8.16169 seconds'}
2024-04-03 11:24:38,323 - {'function_name': 'execute', 'calling_file': '/home/tkv29/progress-bar/TracEX/tracex/extraction/logic/modules/module_activity_labeler.py', 'execution_time': '2.09358 seconds'}
2024-04-03 21:09:39,409 - {'function_name': 'execute', 'calling_file': '/home/tkv29/progress-bar/TracEX/tracex/extraction/logic/modules/module_patient_journey_preprocessor.py', 'execution_time': '44.43483 seconds'}
2024-04-03 21:09:48,619 - {'function_name': 'execute_and_save', 'calling_file': '/home/tkv29/progress-bar/TracEX/tracex/extraction/logic/modules/module_cohort_tagger.py', 'execution_time': '9.20364 seconds'}
2024-04-03 21:09:51,140 - {'function_name': 'execute', 'calling_file': '/home/tkv29/progress-bar/TracEX/tracex/extraction/logic/modules/module_activity_labeler.py', 'execution_time': '2.51764 seconds'}
2024-04-03 21:10:31,973 - {'function_name': 'execute', 'calling_file': '/home/tkv29/progress-bar/TracEX/tracex/extraction/logic/modules/module_time_extractor_backup.py', 'execution_time': '40.82873 seconds'}
2024-04-03 21:11:52,291 - {'function_name': 'execute', 'calling_file': '/home/tkv29/progress-bar/TracEX/tracex/extraction/logic/modules/module_event_type_classifier.py', 'execution_time': '80.31365 seconds'}
2024-04-03 21:12:35,968 - {'function_name': 'execute', 'calling_file': '/home/tkv29/progress-bar/TracEX/tracex/extraction/logic/modules/module_location_extractor.py', 'execution_time': '43.67075 seconds'}
2024-04-05 23:58:01,551 - {'function_name': 'execute', 'calling_file': '/home/tkv29/progress-bar/TracEX/tracex/extraction/logic/modules/module_patient_journey_preprocessor.py', 'execution_time': '47.03369 seconds'}
2024-04-05 23:58:12,184 - {'function_name': 'execute_and_save', 'calling_file': '/home/tkv29/progress-bar/TracEX/tracex/extraction/logic/modules/module_cohort_tagger.py', 'execution_time': '10.62724 seconds'}
2024-04-05 23:58:15,769 - {'function_name': 'execute', 'calling_file': '/home/tkv29/progress-bar/TracEX/tracex/extraction/logic/modules/module_activity_labeler.py', 'execution_time': '3.58117 seconds'}
2024-04-05 23:59:37,488 - {'function_name': 'execute', 'calling_file': '/home/tkv29/progress-bar/TracEX/tracex/extraction/logic/modules/module_patient_journey_preprocessor.py', 'execution_time': '48.36919 seconds'}
2024-04-05 23:59:48,722 - {'function_name': 'execute_and_save', 'calling_file': '/home/tkv29/progress-bar/TracEX/tracex/extraction/logic/modules/module_cohort_tagger.py', 'execution_time': '11.22767 seconds'}
2024-04-05 23:59:52,393 - {'function_name': 'execute', 'calling_file': '/home/tkv29/progress-bar/TracEX/tracex/extraction/logic/modules/module_activity_labeler.py', 'execution_time': '3.66702 seconds'}
2024-04-06 00:01:26,535 - {'function_name': 'execute', 'calling_file': '/home/tkv29/progress-bar/TracEX/tracex/extraction/logic/modules/module_time_extractor_backup.py', 'execution_time': '94.13613 seconds'}
2024-04-06 00:04:39,255 - {'function_name': 'execute', 'calling_file': '/home/tkv29/progress-bar/TracEX/tracex/extraction/logic/modules/module_event_type_classifier.py', 'execution_time': '192.71665 seconds'}
2024-04-06 00:06:16,430 - {'function_name': 'execute', 'calling_file': '/home/tkv29/progress-bar/TracEX/tracex/extraction/logic/modules/module_location_extractor.py', 'execution_time': '97.16909 seconds'}
2024-04-06 00:18:10,969 - {'function_name': 'execute', 'calling_file': '/home/tkv29/progress-bar/TracEX/tracex/extraction/logic/modules/module_patient_journey_preprocessor.py', 'execution_time': '51.38997 seconds'}
2024-04-06 00:18:26,466 - {'function_name': 'execute_and_save', 'calling_file': '/home/tkv29/progress-bar/TracEX/tracex/extraction/logic/modules/module_cohort_tagger.py', 'execution_time': '15.48963 seconds'}
2024-04-06 00:20:35,170 - {'function_name': 'execute', 'calling_file': '/home/tkv29/progress-bar/TracEX/tracex/extraction/logic/modules/module_patient_journey_preprocessor.py', 'execution_time': '50.51045 seconds'}
2024-04-06 00:20:49,454 - {'function_name': 'execute_and_save', 'calling_file': '/home/tkv29/progress-bar/TracEX/tracex/extraction/logic/modules/module_cohort_tagger.py', 'execution_time': '14.27784 seconds'}
2024-04-06 00:20:52,799 - {'function_name': 'execute', 'calling_file': '/home/tkv29/progress-bar/TracEX/tracex/extraction/logic/modules/module_activity_labeler.py', 'execution_time': '3.34093 seconds'}
2024-04-06 00:23:05,883 - {'function_name': 'execute', 'calling_file': '/home/tkv29/progress-bar/TracEX/tracex/extraction/logic/modules/module_time_extractor_backup.py', 'execution_time': '133.07766 seconds'}
2024-04-06 00:26:38,354 - {'function_name': 'execute', 'calling_file': '/home/tkv29/progress-bar/TracEX/tracex/extraction/logic/modules/module_event_type_classifier.py', 'execution_time': '212.46566 seconds'}
2024-04-06 00:28:34,956 - {'function_name': 'execute', 'calling_file': '/home/tkv29/progress-bar/TracEX/tracex/extraction/logic/modules/module_location_extractor.py', 'execution_time': '116.59541 seconds'}
2024-04-06 00:39:29,434 - {'function_name': 'execute', 'calling_file': '/home/tkv29/progress-bar/TracEX/tracex/extraction/logic/modules/module_patient_journey_preprocessor.py', 'execution_time': '45.89620 seconds'}
2024-04-06 00:39:41,265 - {'function_name': 'execute_and_save', 'calling_file': '/home/tkv29/progress-bar/TracEX/tracex/extraction/logic/modules/module_cohort_tagger.py', 'execution_time': '11.82603 seconds'}
2024-04-06 00:39:44,686 - {'function_name': 'execute', 'calling_file': '/home/tkv29/progress-bar/TracEX/tracex/extraction/logic/modules/module_activity_labeler.py', 'execution_time': '3.41703 seconds'}
2024-04-06 00:41:12,998 - {'function_name': 'execute', 'calling_file': '/home/tkv29/progress-bar/TracEX/tracex/extraction/logic/modules/module_time_extractor_backup.py', 'execution_time': '88.30109 seconds'}
2024-04-06 00:43:48,487 - {'function_name': 'execute', 'calling_file': '/home/tkv29/progress-bar/TracEX/tracex/extraction/logic/modules/module_event_type_classifier.py', 'execution_time': '155.48317 seconds'}
2024-04-06 00:45:16,121 - {'function_name': 'execute', 'calling_file': '/home/tkv29/progress-bar/TracEX/tracex/extraction/logic/modules/module_location_extractor.py', 'execution_time': '87.62751 seconds'}
2024-04-06 00:48:36,304 - {'function_name': 'execute', 'calling_file': '/home/tkv29/progress-bar/TracEX/tracex/extraction/logic/modules/module_patient_journey_preprocessor.py', 'execution_time': '49.12359 seconds'}
2024-04-06 11:19:56,653 - {'function_name': 'execute', 'calling_file': '/home/tkv29/progress-bar/TracEX/tracex/extraction/logic/modules/module_patient_journey_preprocessor.py', 'execution_time': '34.16475 seconds'}
2024-04-06 11:25:14,624 - {'function_name': 'execute', 'calling_file': '/home/tkv29/progress-bar/TracEX/tracex/extraction/logic/modules/module_patient_journey_preprocessor.py', 'execution_time': '36.50363 seconds'}
2024-04-06 11:29:23,379 - {'function_name': 'execute', 'calling_file': '/home/tkv29/progress-bar/TracEX/tracex/extraction/logic/modules/module_patient_journey_preprocessor.py', 'execution_time': '43.68856 seconds'}
2024-04-06 11:29:27,527 - {'function_name': 'execute', 'calling_file': '/home/tkv29/progress-bar/TracEX/tracex/extraction/logic/modules/module_activity_labeler.py', 'execution_time': '4.13911 seconds'}
2024-04-06 11:30:34,545 - {'function_name': 'execute', 'calling_file': '/home/tkv29/progress-bar/TracEX/tracex/extraction/logic/modules/module_time_extractor.py', 'execution_time': '67.01379 seconds'}
2024-04-06 11:31:06,254 - {'function_name': 'execute', 'calling_file': '/home/tkv29/progress-bar/TracEX/tracex/extraction/logic/modules/module_event_type_classifier.py', 'execution_time': '31.70505 seconds'}
2024-04-06 11:31:35,967 - {'function_name': 'execute', 'calling_file': '/home/tkv29/progress-bar/TracEX/tracex/extraction/logic/modules/module_location_extractor.py', 'execution_time': '29.70734 seconds'}
2024-04-06 11:32:46,912 - {'function_name': 'execute', 'calling_file': '/home/tkv29/progress-bar/TracEX/tracex/extraction/logic/modules/module_patient_journey_preprocessor.py', 'execution_time': '44.76224 seconds'}
2024-04-06 11:32:50,979 - {'function_name': 'execute', 'calling_file': '/home/tkv29/progress-bar/TracEX/tracex/extraction/logic/modules/module_activity_labeler.py', 'execution_time': '4.05756 seconds'}
2024-04-06 11:34:50,273 - {'function_name': 'execute', 'calling_file': '/home/tkv29/progress-bar/TracEX/tracex/extraction/logic/modules/module_patient_journey_preprocessor.py', 'execution_time': '43.48789 seconds'}
2024-04-06 11:34:53,971 - {'function_name': 'execute', 'calling_file': '/home/tkv29/progress-bar/TracEX/tracex/extraction/logic/modules/module_activity_labeler.py', 'execution_time': '3.68864 seconds'}
2024-04-06 11:36:21,444 - {'function_name': 'execute', 'calling_file': '/home/tkv29/progress-bar/TracEX/tracex/extraction/logic/modules/module_time_extractor.py', 'execution_time': '87.46585 seconds'}
2024-04-06 11:37:01,819 - {'function_name': 'execute', 'calling_file': '/home/tkv29/progress-bar/TracEX/tracex/extraction/logic/modules/module_event_type_classifier.py', 'execution_time': '40.36920 seconds'}
2024-04-06 11:37:43,025 - {'function_name': 'execute', 'calling_file': '/home/tkv29/progress-bar/TracEX/tracex/extraction/logic/modules/module_location_extractor.py', 'execution_time': '41.19994 seconds'}
2024-04-06 11:48:17,822 - {'function_name': 'execute', 'calling_file': '/home/tkv29/progress-bar/TracEX/tracex/extraction/logic/modules/module_patient_journey_preprocessor.py', 'execution_time': '42.26158 seconds'}
2024-04-06 11:48:21,913 - {'function_name': 'execute', 'calling_file': '/home/tkv29/progress-bar/TracEX/tracex/extraction/logic/modules/module_activity_labeler.py', 'execution_time': '4.08224 seconds'}
2024-04-06 11:49:55,008 - {'function_name': 'execute', 'calling_file': '/home/tkv29/progress-bar/TracEX/tracex/extraction/logic/modules/module_time_extractor.py', 'execution_time': '93.08963 seconds'}
2024-04-06 11:50:41,814 - {'function_name': 'execute', 'calling_file': '/home/tkv29/progress-bar/TracEX/tracex/extraction/logic/modules/module_event_type_classifier.py', 'execution_time': '46.79885 seconds'}
2024-04-06 11:51:24,577 - {'function_name': 'execute', 'calling_file': '/home/tkv29/progress-bar/TracEX/tracex/extraction/logic/modules/module_location_extractor.py', 'execution_time': '42.75734 seconds'}
2024-04-06 11:54:39,409 - {'function_name': 'execute', 'calling_file': '/home/tkv29/progress-bar/TracEX/tracex/extraction/logic/modules/module_patient_journey_preprocessor.py', 'execution_time': '44.01936 seconds'}
2024-04-06 11:54:43,149 - {'function_name': 'execute', 'calling_file': '/home/tkv29/progress-bar/TracEX/tracex/extraction/logic/modules/module_activity_labeler.py', 'execution_time': '3.72935 seconds'}
2024-04-06 11:56:07,394 - {'function_name': 'execute', 'calling_file': '/home/tkv29/progress-bar/TracEX/tracex/extraction/logic/modules/module_time_extractor.py', 'execution_time': '84.23878 seconds'}
2024-04-06 11:56:55,483 - {'function_name': 'execute', 'calling_file': '/home/tkv29/progress-bar/TracEX/tracex/extraction/logic/modules/module_event_type_classifier.py', 'execution_time': '48.08316 seconds'}
2024-04-06 11:57:37,006 - {'function_name': 'execute', 'calling_file': '/home/tkv29/progress-bar/TracEX/tracex/extraction/logic/modules/module_location_extractor.py', 'execution_time': '41.51749 seconds'}
2024-04-06 12:59:30,692 - {'function_name': 'execute', 'calling_file': '/home/tkv29/progress-bar/TracEX/tracex/extraction/logic/modules/module_patient_journey_preprocessor.py', 'execution_time': '42.80187 seconds'}
2024-04-06 12:59:36,199 - {'function_name': 'execute', 'calling_file': '/home/tkv29/progress-bar/TracEX/tracex/extraction/logic/modules/module_activity_labeler.py', 'execution_time': '5.49925 seconds'}
2024-04-06 13:01:05,822 - {'function_name': 'execute', 'calling_file': '/home/tkv29/progress-bar/TracEX/tracex/extraction/logic/modules/module_time_extractor.py', 'execution_time': '89.61847 seconds'}
2024-04-06 13:01:47,319 - {'function_name': 'execute', 'calling_file': '/home/tkv29/progress-bar/TracEX/tracex/extraction/logic/modules/module_event_type_classifier.py', 'execution_time': '41.48602 seconds'}
2024-04-06 13:02:28,532 - {'function_name': 'execute', 'calling_file': '/home/tkv29/progress-bar/TracEX/tracex/extraction/logic/modules/module_location_extractor.py', 'execution_time': '41.20703 seconds'}
2024-04-06 13:28:10,583 - {'function_name': 'execute', 'calling_file': '/home/tkv29/progress-bar/TracEX/tracex/extraction/logic/modules/module_patient_journey_preprocessor.py', 'execution_time': '41.03538 seconds'}
2024-04-06 13:28:14,322 - {'function_name': 'execute', 'calling_file': '/home/tkv29/progress-bar/TracEX/tracex/extraction/logic/modules/module_activity_labeler.py', 'execution_time': '3.72991 seconds'}
2024-04-06 13:29:43,105 - {'function_name': 'execute', 'calling_file': '/home/tkv29/progress-bar/TracEX/tracex/extraction/logic/modules/module_time_extractor.py', 'execution_time': '88.77777 seconds'}
2024-04-06 13:30:23,363 - {'function_name': 'execute', 'calling_file': '/home/tkv29/progress-bar/TracEX/tracex/extraction/logic/modules/module_event_type_classifier.py', 'execution_time': '40.25199 seconds'}
2024-04-06 13:31:06,308 - {'function_name': 'execute', 'calling_file': '/home/tkv29/progress-bar/TracEX/tracex/extraction/logic/modules/module_location_extractor.py', 'execution_time': '42.93956 seconds'}
2024-04-06 13:33:28,303 - {'function_name': 'execute', 'calling_file': '/home/tkv29/progress-bar/TracEX/tracex/extraction/logic/modules/module_patient_journey_preprocessor.py', 'execution_time': '46.87282 seconds'}
2024-04-06 13:33:32,117 - {'function_name': 'execute', 'calling_file': '/home/tkv29/progress-bar/TracEX/tracex/extraction/logic/modules/module_activity_labeler.py', 'execution_time': '3.80183 seconds'}
2024-04-06 13:35:00,794 - {'function_name': 'execute', 'calling_file': '/home/tkv29/progress-bar/TracEX/tracex/extraction/logic/modules/module_time_extractor.py', 'execution_time': '88.67123 seconds'}
2024-04-06 13:35:42,762 - {'function_name': 'execute', 'calling_file': '/home/tkv29/progress-bar/TracEX/tracex/extraction/logic/modules/module_event_type_classifier.py', 'execution_time': '41.96163 seconds'}
2024-04-06 13:36:23,904 - {'function_name': 'execute', 'calling_file': '/home/tkv29/progress-bar/TracEX/tracex/extraction/logic/modules/module_location_extractor.py', 'execution_time': '41.13652 seconds'}
2024-04-06 13:38:48,615 - {'function_name': 'execute', 'calling_file': '/home/tkv29/progress-bar/TracEX/tracex/extraction/logic/modules/module_patient_journey_preprocessor.py', 'execution_time': '34.38538 seconds'}
2024-04-06 13:38:52,699 - {'function_name': 'execute', 'calling_file': '/home/tkv29/progress-bar/TracEX/tracex/extraction/logic/modules/module_activity_labeler.py', 'execution_time': '4.07396 seconds'}
2024-04-06 13:40:21,839 - {'function_name': 'execute', 'calling_file': '/home/tkv29/progress-bar/TracEX/tracex/extraction/logic/modules/module_time_extractor.py', 'execution_time': '89.13360 seconds'}
2024-04-06 13:41:01,333 - {'function_name': 'execute', 'calling_file': '/home/tkv29/progress-bar/TracEX/tracex/extraction/logic/modules/module_event_type_classifier.py', 'execution_time': '39.48864 seconds'}
2024-04-06 13:41:39,363 - {'function_name': 'execute', 'calling_file': '/home/tkv29/progress-bar/TracEX/tracex/extraction/logic/modules/module_location_extractor.py', 'execution_time': '38.02426 seconds'}
2024-04-06 13:43:23,383 - {'function_name': 'execute', 'calling_file': '/home/tkv29/progress-bar/TracEX/tracex/extraction/logic/modules/module_patient_journey_preprocessor.py', 'execution_time': '45.26294 seconds'}
2024-04-06 13:43:27,316 - {'function_name': 'execute', 'calling_file': '/home/tkv29/progress-bar/TracEX/tracex/extraction/logic/modules/module_activity_labeler.py', 'execution_time': '3.92497 seconds'}
2024-04-06 13:45:08,867 - {'function_name': 'execute', 'calling_file': '/home/tkv29/progress-bar/TracEX/tracex/extraction/logic/modules/module_time_extractor.py', 'execution_time': '101.54427 seconds'}
2024-04-06 13:45:55,230 - {'function_name': 'execute', 'calling_file': '/home/tkv29/progress-bar/TracEX/tracex/extraction/logic/modules/module_event_type_classifier.py', 'execution_time': '46.35940 seconds'}
2024-04-06 13:46:40,202 - {'function_name': 'execute', 'calling_file': '/home/tkv29/progress-bar/TracEX/tracex/extraction/logic/modules/module_location_extractor.py', 'execution_time': '44.96632 seconds'}
2024-04-06 20:39:55,327 - {'function_name': 'execute', 'calling_file': '/home/tkv29/progress-bar/TracEX/tracex/extraction/logic/modules/module_patient_journey_preprocessor.py', 'execution_time': '33.94756 seconds'}
2024-04-06 20:39:57,392 - {'function_name': 'execute', 'calling_file': '/home/tkv29/progress-bar/TracEX/tracex/extraction/logic/modules/module_activity_labeler.py', 'execution_time': '2.05592 seconds'}
2024-04-06 20:40:28,550 - {'function_name': 'execute', 'calling_file': '/home/tkv29/progress-bar/TracEX/tracex/extraction/logic/modules/module_time_extractor.py', 'execution_time': '31.14918 seconds'}
2024-04-06 20:40:41,132 - {'function_name': 'execute', 'calling_file': '/home/tkv29/progress-bar/TracEX/tracex/extraction/logic/modules/module_event_type_classifier.py', 'execution_time': '12.57752 seconds'}
2024-04-06 20:40:53,852 - {'function_name': 'execute', 'calling_file': '/home/tkv29/progress-bar/TracEX/tracex/extraction/logic/modules/module_location_extractor.py', 'execution_time': '12.71416 seconds'}
2024-04-06 20:43:26,486 - {'function_name': 'execute', 'calling_file': '/home/tkv29/progress-bar/TracEX/tracex/event_log_testing_env/comparator.py', 'execution_time': '144.42436 seconds'}
2024-04-06 21:09:04,118 - {'function_name': 'execute', 'calling_file': '/home/tkv29/progress-bar/TracEX/tracex/extraction/logic/modules/module_patient_journey_preprocessor.py', 'execution_time': '33.53467 seconds'}
2024-04-06 21:09:06,874 - {'function_name': 'execute', 'calling_file': '/home/tkv29/progress-bar/TracEX/tracex/extraction/logic/modules/module_activity_labeler.py', 'execution_time': '2.74609 seconds'}
2024-04-06 21:10:03,688 - {'function_name': 'execute', 'calling_file': '/home/tkv29/progress-bar/TracEX/tracex/extraction/logic/modules/module_time_extractor.py', 'execution_time': '56.80740 seconds'}
2024-04-07 18:54:23,043 - {'function_name': 'execute', 'calling_file': '/home/tkv29/progress-bar/TracEX/tracex/extraction/logic/modules/module_patient_journey_preprocessor.py', 'execution_time': '47.09353 seconds'}
2024-04-07 18:54:27,401 - {'function_name': 'execute', 'calling_file': '/home/tkv29/progress-bar/TracEX/tracex/extraction/logic/modules/module_activity_labeler.py', 'execution_time': '4.34775 seconds'}
2024-04-07 18:55:58,179 - {'function_name': 'execute', 'calling_file': '/home/tkv29/progress-bar/TracEX/tracex/extraction/logic/modules/module_time_extractor.py', 'execution_time': '90.77254 seconds'}
2024-04-07 18:56:40,482 - {'function_name': 'execute', 'calling_file': '/home/tkv29/progress-bar/TracEX/tracex/extraction/logic/modules/module_event_type_classifier.py', 'execution_time': '42.29619 seconds'}
2024-04-07 18:57:22,822 - {'function_name': 'execute', 'calling_file': '/home/tkv29/progress-bar/TracEX/tracex/extraction/logic/modules/module_location_extractor.py', 'execution_time': '42.33626 seconds'}
2024-04-07 18:59:52,031 - {'function_name': 'execute', 'calling_file': '/home/tkv29/progress-bar/TracEX/tracex/extraction/logic/modules/module_patient_journey_preprocessor.py', 'execution_time': '45.81150 seconds'}
2024-04-07 18:59:56,296 - {'function_name': 'execute', 'calling_file': '/home/tkv29/progress-bar/TracEX/tracex/extraction/logic/modules/module_activity_labeler.py', 'execution_time': '4.25505 seconds'}
2024-04-07 19:01:24,462 - {'function_name': 'execute', 'calling_file': '/home/tkv29/progress-bar/TracEX/tracex/extraction/logic/modules/module_time_extractor.py', 'execution_time': '88.15923 seconds'}
2024-04-07 19:02:07,615 - {'function_name': 'execute', 'calling_file': '/home/tkv29/progress-bar/TracEX/tracex/extraction/logic/modules/module_event_type_classifier.py', 'execution_time': '43.14721 seconds'}
2024-04-07 19:02:49,831 - {'function_name': 'execute', 'calling_file': '/home/tkv29/progress-bar/TracEX/tracex/extraction/logic/modules/module_location_extractor.py', 'execution_time': '42.20998 seconds'}
2024-04-07 19:08:12,378 - {'function_name': 'execute', 'calling_file': '/home/tkv29/progress-bar/TracEX/tracex/event_log_testing_env/comparator.py', 'execution_time': '316.21122 seconds'}
2024-04-07 19:39:39,695 - {'function_name': 'execute', 'calling_file': '/home/tkv29/progress-bar/TracEX/tracex/extraction/logic/modules/module_patient_journey_preprocessor.py', 'execution_time': '45.86543 seconds'}
2024-04-07 19:39:44,130 - {'function_name': 'execute', 'calling_file': '/home/tkv29/progress-bar/TracEX/tracex/extraction/logic/modules/module_activity_labeler.py', 'execution_time': '4.42634 seconds'}
2024-04-07 19:41:02,553 - {'function_name': 'execute', 'calling_file': '/home/tkv29/progress-bar/TracEX/tracex/extraction/logic/modules/module_time_extractor.py', 'execution_time': '78.41878 seconds'}
2024-04-07 19:41:41,593 - {'function_name': 'execute', 'calling_file': '/home/tkv29/progress-bar/TracEX/tracex/extraction/logic/modules/module_event_type_classifier.py', 'execution_time': '39.03660 seconds'}
2024-04-07 19:42:19,035 - {'function_name': 'execute', 'calling_file': '/home/tkv29/progress-bar/TracEX/tracex/extraction/logic/modules/module_location_extractor.py', 'execution_time': '37.43553 seconds'}
2024-04-07 19:47:57,554 - {'function_name': 'execute', 'calling_file': '/home/tkv29/progress-bar/TracEX/tracex/event_log_testing_env/comparator.py', 'execution_time': '314.92950 seconds'}
2024-04-12 10:43:54,445 - {'function_name': 'execute', 'calling_file': '/home/tkv29/progress-bar/TracEX/tracex/extraction/logic/modules/module_patient_journey_preprocessor.py', 'execution_time': '48.48707 seconds'}
2024-04-12 10:43:58,054 - {'function_name': 'execute', 'calling_file': '/home/tkv29/progress-bar/TracEX/tracex/extraction/logic/modules/module_activity_labeler.py', 'execution_time': '3.59729 seconds'}
2024-04-12 10:44:32,457 - {'function_name': 'execute', 'calling_file': '/home/tkv29/progress-bar/TracEX/tracex/extraction/logic/modules/module_time_extractor.py', 'execution_time': '34.39825 seconds'}
2024-04-12 10:44:46,636 - {'function_name': 'execute', 'calling_file': '/home/tkv29/progress-bar/TracEX/tracex/extraction/logic/modules/module_event_type_classifier.py', 'execution_time': '14.17584 seconds'}
2024-04-12 10:45:02,621 - {'function_name': 'execute', 'calling_file': '/home/tkv29/progress-bar/TracEX/tracex/extraction/logic/modules/module_location_extractor.py', 'execution_time': '15.98167 seconds'}
