2024-04-14 21:12:58,605 - {'function_name': 'execute', 'calling_file': '/home/tkv29/progress-bar/TracEX/tracex_project/extraction/logic/modules/module_patient_journey_preprocessor.py', 'execution_time': '31.75528 seconds'}
2024-04-14 21:15:25,891 - {'function_name': 'execute', 'calling_file': '/home/tkv29/progress-bar/TracEX/tracex_project/extraction/logic/modules/module_patient_journey_preprocessor.py', 'execution_time': '38.73827 seconds'}
2024-04-14 21:15:28,755 - {'function_name': 'execute', 'calling_file': '/home/tkv29/progress-bar/TracEX/tracex_project/extraction/logic/modules/module_activity_labeler.py', 'execution_time': '2.85340 seconds'}
2024-04-14 21:15:55,788 - {'function_name': 'execute', 'calling_file': '/home/tkv29/progress-bar/TracEX/tracex_project/extraction/logic/modules/module_time_extractor.py', 'execution_time': '27.02969 seconds'}
2024-04-14 21:16:09,633 - {'function_name': 'execute', 'calling_file': '/home/tkv29/progress-bar/TracEX/tracex_project/extraction/logic/modules/module_event_type_classifier.py', 'execution_time': '13.84061 seconds'}
2024-04-14 21:16:21,614 - {'function_name': 'execute', 'calling_file': '/home/tkv29/progress-bar/TracEX/tracex_project/extraction/logic/modules/module_location_extractor.py', 'execution_time': '11.97365 seconds'}
2024-04-14 21:19:07,351 - {'function_name': 'execute', 'calling_file': '/home/tkv29/progress-bar/TracEX/tracex_project/trace_comparator/comparator.py', 'execution_time': '158.40635 seconds'}
2024-04-15 10:59:39,120 - {'function_name': 'execute', 'calling_file': '/home/tkv29/progress-bar/TracEX/tracex_project/extraction/logic/modules/module_patient_journey_preprocessor.py', 'execution_time': '45.41085 seconds'}
2024-04-15 10:59:42,459 - {'function_name': 'execute', 'calling_file': '/home/tkv29/progress-bar/TracEX/tracex_project/extraction/logic/modules/module_activity_labeler.py', 'execution_time': '3.32487 seconds'}
2024-04-15 11:01:51,976 - {'function_name': 'execute', 'calling_file': '/home/tkv29/progress-bar/TracEX/tracex_project/extraction/logic/modules/module_time_extractor.py', 'execution_time': '129.51223 seconds'}
2024-04-15 11:02:11,789 - {'function_name': 'execute', 'calling_file': '/home/tkv29/progress-bar/TracEX/tracex_project/extraction/logic/modules/module_event_type_classifier.py', 'execution_time': '19.80788 seconds'}
2024-04-15 11:02:31,266 - {'function_name': 'execute', 'calling_file': '/home/tkv29/progress-bar/TracEX/tracex_project/extraction/logic/modules/module_location_extractor.py', 'execution_time': '19.46615 seconds'}
2024-04-15 11:15:06,412 - {'function_name': 'execute', 'calling_file': '/home/tkv29/progress-bar/TracEX/tracex_project/extraction/logic/modules/module_patient_journey_preprocessor.py', 'execution_time': '52.64299 seconds'}
2024-04-15 11:15:09,915 - {'function_name': 'execute', 'calling_file': '/home/tkv29/progress-bar/TracEX/tracex_project/extraction/logic/modules/module_activity_labeler.py', 'execution_time': '3.48707 seconds'}
2024-04-15 11:15:45,894 - {'function_name': 'execute', 'calling_file': '/home/tkv29/progress-bar/TracEX/tracex_project/extraction/logic/modules/module_time_extractor.py', 'execution_time': '35.96816 seconds'}
2024-04-15 11:16:03,784 - {'function_name': 'execute', 'calling_file': '/home/tkv29/progress-bar/TracEX/tracex_project/extraction/logic/modules/module_event_type_classifier.py', 'execution_time': '17.87736 seconds'}
2024-04-15 11:16:19,660 - {'function_name': 'execute', 'calling_file': '/home/tkv29/progress-bar/TracEX/tracex_project/extraction/logic/modules/module_location_extractor.py', 'execution_time': '15.87077 seconds'}
2024-04-15 11:20:01,406 - {'function_name': 'compare_traces', 'calling_file': '/home/tkv29/progress-bar/TracEX/tracex_project/trace_comparator/comparator.py', 'execution_time': '168.77091 seconds'}
2024-04-15 11:34:52,147 - {'function_name': 'execute', 'calling_file': '/home/tkv29/progress-bar/TracEX/tracex_project/extraction/logic/modules/module_patient_journey_preprocessor.py', 'execution_time': '50.40955 seconds'}
2024-04-15 11:34:55,445 - {'function_name': 'execute', 'calling_file': '/home/tkv29/progress-bar/TracEX/tracex_project/extraction/logic/modules/module_activity_labeler.py', 'execution_time': '3.28825 seconds'}
2024-04-15 11:37:17,072 - {'function_name': 'execute', 'calling_file': '/home/tkv29/progress-bar/TracEX/tracex_project/extraction/logic/modules/module_patient_journey_preprocessor.py', 'execution_time': '42.16400 seconds'}
2024-04-15 11:37:20,688 - {'function_name': 'execute', 'calling_file': '/home/tkv29/progress-bar/TracEX/tracex_project/extraction/logic/modules/module_activity_labeler.py', 'execution_time': '3.60098 seconds'}
2024-04-15 11:37:55,776 - {'function_name': 'execute', 'calling_file': '/home/tkv29/progress-bar/TracEX/tracex_project/extraction/logic/modules/module_time_extractor.py', 'execution_time': '35.08199 seconds'}
2024-04-15 11:38:13,650 - {'function_name': 'execute', 'calling_file': '/home/tkv29/progress-bar/TracEX/tracex_project/extraction/logic/modules/module_event_type_classifier.py', 'execution_time': '17.86244 seconds'}
2024-04-15 11:38:29,947 - {'function_name': 'execute', 'calling_file': '/home/tkv29/progress-bar/TracEX/tracex_project/extraction/logic/modules/module_location_extractor.py', 'execution_time': '16.29169 seconds'}
2024-04-15 11:40:24,770 - {'function_name': 'execute', 'calling_file': '/home/tkv29/progress-bar/TracEX/tracex_project/extraction/logic/modules/module_patient_journey_preprocessor.py', 'execution_time': '49.96130 seconds'}
2024-04-15 11:40:27,561 - {'function_name': 'execute', 'calling_file': '/home/tkv29/progress-bar/TracEX/tracex_project/extraction/logic/modules/module_activity_labeler.py', 'execution_time': '2.77526 seconds'}
2024-04-15 11:41:07,199 - {'function_name': 'execute', 'calling_file': '/home/tkv29/progress-bar/TracEX/tracex_project/extraction/logic/modules/module_time_extractor.py', 'execution_time': '39.63278 seconds'}
2024-04-15 11:41:24,076 - {'function_name': 'execute', 'calling_file': '/home/tkv29/progress-bar/TracEX/tracex_project/extraction/logic/modules/module_event_type_classifier.py', 'execution_time': '16.86682 seconds'}
2024-04-15 11:41:40,529 - {'function_name': 'execute', 'calling_file': '/home/tkv29/progress-bar/TracEX/tracex_project/extraction/logic/modules/module_location_extractor.py', 'execution_time': '16.44608 seconds'}
2024-04-15 11:45:12,640 - {'function_name': 'execute', 'calling_file': '/home/tkv29/progress-bar/TracEX/tracex_project/extraction/logic/modules/module_patient_journey_preprocessor.py', 'execution_time': '43.98181 seconds'}
2024-04-15 11:45:16,063 - {'function_name': 'execute', 'calling_file': '/home/tkv29/progress-bar/TracEX/tracex_project/extraction/logic/modules/module_activity_labeler.py', 'execution_time': '3.40599 seconds'}
2024-04-15 11:45:52,054 - {'function_name': 'execute', 'calling_file': '/home/tkv29/progress-bar/TracEX/tracex_project/extraction/logic/modules/module_time_extractor.py', 'execution_time': '35.98577 seconds'}
2024-04-15 11:46:09,062 - {'function_name': 'execute', 'calling_file': '/home/tkv29/progress-bar/TracEX/tracex_project/extraction/logic/modules/module_event_type_classifier.py', 'execution_time': '17.00135 seconds'}
2024-04-15 11:46:25,953 - {'function_name': 'execute', 'calling_file': '/home/tkv29/progress-bar/TracEX/tracex_project/extraction/logic/modules/module_location_extractor.py', 'execution_time': '16.87954 seconds'}
2024-04-15 11:47:58,065 - {'function_name': 'compare_traces', 'calling_file': '/home/tkv29/progress-bar/TracEX/tracex_project/trace_comparator/comparator.py', 'execution_time': '237.92840 seconds'}
2024-04-15 11:48:06,120 - {'function_name': 'compare_traces', 'calling_file': '/home/tkv29/progress-bar/TracEX/tracex_project/trace_comparator/comparator.py', 'execution_time': '241.22641 seconds'}
2024-04-15 11:48:59,480 - {'function_name': 'execute', 'calling_file': '/home/tkv29/progress-bar/TracEX/tracex_project/extraction/logic/modules/module_patient_journey_preprocessor.py', 'execution_time': '43.45043 seconds'}
2024-04-15 11:49:02,949 - {'function_name': 'execute', 'calling_file': '/home/tkv29/progress-bar/TracEX/tracex_project/extraction/logic/modules/module_activity_labeler.py', 'execution_time': '3.45525 seconds'}
2024-04-15 11:49:38,698 - {'function_name': 'execute', 'calling_file': '/home/tkv29/progress-bar/TracEX/tracex_project/extraction/logic/modules/module_time_extractor.py', 'execution_time': '35.73707 seconds'}
2024-04-15 11:49:54,686 - {'function_name': 'execute', 'calling_file': '/home/tkv29/progress-bar/TracEX/tracex_project/extraction/logic/modules/module_event_type_classifier.py', 'execution_time': '15.98171 seconds'}
2024-04-15 11:50:10,652 - {'function_name': 'execute', 'calling_file': '/home/tkv29/progress-bar/TracEX/tracex_project/extraction/logic/modules/module_location_extractor.py', 'execution_time': '15.95900 seconds'}
2024-04-15 11:54:17,971 - {'function_name': 'compare_traces', 'calling_file': '/home/tkv29/progress-bar/TracEX/tracex_project/trace_comparator/comparator.py', 'execution_time': '235.98582 seconds'}
