Placeholder for log data
2024-04-18 12:10:59,471 - {'calling_function_name': '__extract_activities', 'calling_file': '/Users/pit/TracEX/tracex_project/extraction/logic/modules/module_activity_labeler.py', 'calling_line': 39, 'tokens_used': 386, 'input_tokens_used': 375, 'output_tokens_used': 11}
2024-04-18 12:11:00,036 - {'calling_function_name': '__classify_event_type', 'calling_file': '/Users/pit/TracEX/tracex_project/extraction/logic/modules/module_event_type_classifier.py', 'calling_line': 43, 'tokens_used': 237, 'input_tokens_used': 233, 'output_tokens_used': 4}
2024-04-18 12:11:00,578 - {'calling_function_name': '__classify_location', 'calling_file': '/Users/pit/TracEX/tracex_project/extraction/logic/modules/module_location_extractor.py', 'calling_line': 41, 'tokens_used': 198, 'input_tokens_used': 197, 'output_tokens_used': 1}
2024-04-18 12:11:01,114 - {'calling_function_name': '__extract_start_date', 'calling_file': '/Users/pit/TracEX/tracex_project/extraction/logic/modules/module_time_extractor.py', 'calling_line': 48, 'tokens_used': 569, 'input_tokens_used': 563, 'output_tokens_used': 6}
2024-04-18 12:11:01,704 - {'calling_function_name': '__extract_end_date', 'calling_file': '/Users/pit/TracEX/tracex_project/extraction/logic/modules/module_time_extractor.py', 'calling_line': 67, 'tokens_used': 713, 'input_tokens_used': 707, 'output_tokens_used': 6}
2024-04-18 12:11:20,324 - {'calling_function_name': 'get_life_circumstances', 'calling_file': '/Users/pit/TracEX/tracex_project/patient_journey_generator/generator.py', 'calling_line': 141, 'tokens_used': 143, 'input_tokens_used': 99, 'output_tokens_used': 44}
2024-04-18 12:11:26,103 - {'calling_function_name': 'generate_patient_journey', 'calling_file': '/Users/pit/TracEX/tracex_project/patient_journey_generator/generator.py', 'calling_line': 20, 'tokens_used': 498, 'input_tokens_used': 217, 'output_tokens_used': 281}
2024-04-18 12:12:38,236 - {'calling_function_name': '__spellcheck', 'calling_file': '/Users/pit/TracEX/tracex_project/extraction/logic/modules/module_patient_journey_preprocessor.py', 'calling_line': 45, 'tokens_used': 688, 'input_tokens_used': 407, 'output_tokens_used': 281}
2024-04-18 12:12:43,801 - {'calling_function_name': '__punctuationcheck', 'calling_file': '/Users/pit/TracEX/tracex_project/extraction/logic/modules/module_patient_journey_preprocessor.py', 'calling_line': 55, 'tokens_used': 737, 'input_tokens_used': 456, 'output_tokens_used': 281}
2024-04-18 12:12:49,638 - {'calling_function_name': '__identify_timestamps', 'calling_file': '/Users/pit/TracEX/tracex_project/extraction/logic/modules/module_patient_journey_preprocessor.py', 'calling_line': 65, 'tokens_used': 938, 'input_tokens_used': 656, 'output_tokens_used': 282}
2024-04-18 12:12:55,272 - {'calling_function_name': '__transform_timestamps', 'calling_file': '/Users/pit/TracEX/tracex_project/extraction/logic/modules/module_patient_journey_preprocessor.py', 'calling_line': 75, 'tokens_used': 1025, 'input_tokens_used': 744, 'output_tokens_used': 281}
2024-04-18 12:13:00,677 - {'calling_function_name': '__interpret_timestamps', 'calling_file': '/Users/pit/TracEX/tracex_project/extraction/logic/modules/module_patient_journey_preprocessor.py', 'calling_line': 95, 'tokens_used': 1006, 'input_tokens_used': 725, 'output_tokens_used': 281}
2024-04-18 12:13:06,534 - {'calling_function_name': '__calculate_timestamps', 'calling_file': '/Users/pit/TracEX/tracex_project/extraction/logic/modules/module_patient_journey_preprocessor.py', 'calling_line': 85, 'tokens_used': 967, 'input_tokens_used': 686, 'output_tokens_used': 281}
2024-04-18 12:13:09,889 - {'calling_function_name': '__extract_activities', 'calling_file': '/Users/pit/TracEX/tracex_project/extraction/logic/modules/module_activity_labeler.py', 'calling_line': 39, 'tokens_used': 788, 'input_tokens_used': 665, 'output_tokens_used': 123}
2024-04-18 12:13:10,498 - {'calling_function_name': '__extract_start_date', 'calling_file': '/Users/pit/TracEX/tracex_project/extraction/logic/modules/module_time_extractor.py', 'calling_line': 48, 'tokens_used': 641, 'input_tokens_used': 635, 'output_tokens_used': 6}
2024-04-18 12:13:11,143 - {'calling_function_name': '__extract_start_date', 'calling_file': '/Users/pit/TracEX/tracex_project/extraction/logic/modules/module_time_extractor.py', 'calling_line': 48, 'tokens_used': 661, 'input_tokens_used': 655, 'output_tokens_used': 6}
2024-04-18 12:13:11,753 - {'calling_function_name': '__extract_start_date', 'calling_file': '/Users/pit/TracEX/tracex_project/extraction/logic/modules/module_time_extractor.py', 'calling_line': 48, 'tokens_used': 682, 'input_tokens_used': 676, 'output_tokens_used': 6}
2024-04-18 12:13:12,270 - {'calling_function_name': '__extract_start_date', 'calling_file': '/Users/pit/TracEX/tracex_project/extraction/logic/modules/module_time_extractor.py', 'calling_line': 48, 'tokens_used': 670, 'input_tokens_used': 668, 'output_tokens_used': 2}
2024-04-18 12:13:12,756 - {'calling_function_name': '__extract_start_date', 'calling_file': '/Users/pit/TracEX/tracex_project/extraction/logic/modules/module_time_extractor.py', 'calling_line': 48, 'tokens_used': 673, 'input_tokens_used': 671, 'output_tokens_used': 2}
2024-04-18 12:13:13,373 - {'calling_function_name': '__extract_start_date', 'calling_file': '/Users/pit/TracEX/tracex_project/extraction/logic/modules/module_time_extractor.py', 'calling_line': 48, 'tokens_used': 676, 'input_tokens_used': 674, 'output_tokens_used': 2}
2024-04-18 12:13:14,007 - {'calling_function_name': '__extract_start_date', 'calling_file': '/Users/pit/TracEX/tracex_project/extraction/logic/modules/module_time_extractor.py', 'calling_line': 48, 'tokens_used': 686, 'input_tokens_used': 684, 'output_tokens_used': 2}
2024-04-18 12:13:14,726 - {'calling_function_name': '__extract_start_date', 'calling_file': '/Users/pit/TracEX/tracex_project/extraction/logic/modules/module_time_extractor.py', 'calling_line': 48, 'tokens_used': 690, 'input_tokens_used': 688, 'output_tokens_used': 2}
2024-04-18 12:13:15,341 - {'calling_function_name': '__extract_start_date', 'calling_file': '/Users/pit/TracEX/tracex_project/extraction/logic/modules/module_time_extractor.py', 'calling_line': 48, 'tokens_used': 694, 'input_tokens_used': 692, 'output_tokens_used': 2}
2024-04-18 12:13:15,871 - {'calling_function_name': '__extract_start_date', 'calling_file': '/Users/pit/TracEX/tracex_project/extraction/logic/modules/module_time_extractor.py', 'calling_line': 48, 'tokens_used': 663, 'input_tokens_used': 661, 'output_tokens_used': 2}
2024-04-18 12:13:16,473 - {'calling_function_name': '__extract_start_date', 'calling_file': '/Users/pit/TracEX/tracex_project/extraction/logic/modules/module_time_extractor.py', 'calling_line': 48, 'tokens_used': 639, 'input_tokens_used': 637, 'output_tokens_used': 2}
2024-04-18 12:13:17,183 - {'calling_function_name': '__extract_end_date', 'calling_file': '/Users/pit/TracEX/tracex_project/extraction/logic/modules/module_time_extractor.py', 'calling_line': 67, 'tokens_used': 785, 'input_tokens_used': 779, 'output_tokens_used': 6}
2024-04-18 12:13:17,750 - {'calling_function_name': '__extract_end_date', 'calling_file': '/Users/pit/TracEX/tracex_project/extraction/logic/modules/module_time_extractor.py', 'calling_line': 67, 'tokens_used': 805, 'input_tokens_used': 799, 'output_tokens_used': 6}
2024-04-18 12:13:18,348 - {'calling_function_name': '__extract_end_date', 'calling_file': '/Users/pit/TracEX/tracex_project/extraction/logic/modules/module_time_extractor.py', 'calling_line': 67, 'tokens_used': 826, 'input_tokens_used': 820, 'output_tokens_used': 6}
2024-04-18 12:13:18,944 - {'calling_function_name': '__extract_end_date', 'calling_file': '/Users/pit/TracEX/tracex_project/extraction/logic/modules/module_time_extractor.py', 'calling_line': 67, 'tokens_used': 809, 'input_tokens_used': 807, 'output_tokens_used': 2}
2024-04-18 12:13:19,520 - {'calling_function_name': '__extract_end_date', 'calling_file': '/Users/pit/TracEX/tracex_project/extraction/logic/modules/module_time_extractor.py', 'calling_line': 67, 'tokens_used': 812, 'input_tokens_used': 810, 'output_tokens_used': 2}
2024-04-18 12:13:20,190 - {'calling_function_name': '__extract_end_date', 'calling_file': '/Users/pit/TracEX/tracex_project/extraction/logic/modules/module_time_extractor.py', 'calling_line': 67, 'tokens_used': 815, 'input_tokens_used': 813, 'output_tokens_used': 2}
2024-04-18 12:13:20,656 - {'calling_function_name': '__extract_end_date', 'calling_file': '/Users/pit/TracEX/tracex_project/extraction/logic/modules/module_time_extractor.py', 'calling_line': 67, 'tokens_used': 825, 'input_tokens_used': 823, 'output_tokens_used': 2}
2024-04-18 12:13:21,252 - {'calling_function_name': '__extract_end_date', 'calling_file': '/Users/pit/TracEX/tracex_project/extraction/logic/modules/module_time_extractor.py', 'calling_line': 67, 'tokens_used': 829, 'input_tokens_used': 827, 'output_tokens_used': 2}
2024-04-18 12:13:21,710 - {'calling_function_name': '__extract_end_date', 'calling_file': '/Users/pit/TracEX/tracex_project/extraction/logic/modules/module_time_extractor.py', 'calling_line': 67, 'tokens_used': 833, 'input_tokens_used': 831, 'output_tokens_used': 2}
2024-04-18 12:13:22,320 - {'calling_function_name': '__extract_end_date', 'calling_file': '/Users/pit/TracEX/tracex_project/extraction/logic/modules/module_time_extractor.py', 'calling_line': 67, 'tokens_used': 802, 'input_tokens_used': 800, 'output_tokens_used': 2}
2024-04-18 12:13:22,870 - {'calling_function_name': '__extract_end_date', 'calling_file': '/Users/pit/TracEX/tracex_project/extraction/logic/modules/module_time_extractor.py', 'calling_line': 67, 'tokens_used': 778, 'input_tokens_used': 776, 'output_tokens_used': 2}
2024-04-18 12:13:23,479 - {'calling_function_name': '__classify_event_type', 'calling_file': '/Users/pit/TracEX/tracex_project/extraction/logic/modules/module_event_type_classifier.py', 'calling_line': 43, 'tokens_used': 239, 'input_tokens_used': 235, 'output_tokens_used': 4}
2024-04-18 12:13:24,092 - {'calling_function_name': '__classify_event_type', 'calling_file': '/Users/pit/TracEX/tracex_project/extraction/logic/modules/module_event_type_classifier.py', 'calling_line': 43, 'tokens_used': 245, 'input_tokens_used': 241, 'output_tokens_used': 4}
2024-04-18 12:13:24,627 - {'calling_function_name': '__classify_event_type', 'calling_file': '/Users/pit/TracEX/tracex_project/extraction/logic/modules/module_event_type_classifier.py', 'calling_line': 43, 'tokens_used': 241, 'input_tokens_used': 239, 'output_tokens_used': 2}
2024-04-18 12:13:25,176 - {'calling_function_name': '__classify_event_type', 'calling_file': '/Users/pit/TracEX/tracex_project/extraction/logic/modules/module_event_type_classifier.py', 'calling_line': 43, 'tokens_used': 242, 'input_tokens_used': 241, 'output_tokens_used': 1}
2024-04-18 12:13:25,862 - {'calling_function_name': '__classify_event_type', 'calling_file': '/Users/pit/TracEX/tracex_project/extraction/logic/modules/module_event_type_classifier.py', 'calling_line': 43, 'tokens_used': 238, 'input_tokens_used': 235, 'output_tokens_used': 3}
2024-04-18 12:13:26,507 - {'calling_function_name': '__classify_event_type', 'calling_file': '/Users/pit/TracEX/tracex_project/extraction/logic/modules/module_event_type_classifier.py', 'calling_line': 43, 'tokens_used': 241, 'input_tokens_used': 238, 'output_tokens_used': 3}
2024-04-18 12:13:27,031 - {'calling_function_name': '__classify_event_type', 'calling_file': '/Users/pit/TracEX/tracex_project/extraction/logic/modules/module_event_type_classifier.py', 'calling_line': 43, 'tokens_used': 240, 'input_tokens_used': 238, 'output_tokens_used': 2}
2024-04-18 12:13:27,633 - {'calling_function_name': '__classify_event_type', 'calling_file': '/Users/pit/TracEX/tracex_project/extraction/logic/modules/module_event_type_classifier.py', 'calling_line': 43, 'tokens_used': 244, 'input_tokens_used': 242, 'output_tokens_used': 2}
2024-04-18 12:13:28,246 - {'calling_function_name': '__classify_event_type', 'calling_file': '/Users/pit/TracEX/tracex_project/extraction/logic/modules/module_event_type_classifier.py', 'calling_line': 43, 'tokens_used': 240, 'input_tokens_used': 239, 'output_tokens_used': 1}
2024-04-18 12:13:30,733 - {'calling_function_name': '__classify_event_type', 'calling_file': '/Users/pit/TracEX/tracex_project/extraction/logic/modules/module_event_type_classifier.py', 'calling_line': 43, 'tokens_used': 244, 'input_tokens_used': 241, 'output_tokens_used': 3}
2024-04-18 12:13:31,319 - {'calling_function_name': '__classify_event_type', 'calling_file': '/Users/pit/TracEX/tracex_project/extraction/logic/modules/module_event_type_classifier.py', 'calling_line': 43, 'tokens_used': 246, 'input_tokens_used': 243, 'output_tokens_used': 3}
2024-04-18 12:13:31,964 - {'calling_function_name': '__classify_location', 'calling_file': '/Users/pit/TracEX/tracex_project/extraction/logic/modules/module_location_extractor.py', 'calling_line': 41, 'tokens_used': 200, 'input_tokens_used': 199, 'output_tokens_used': 1}
2024-04-18 12:13:32,523 - {'calling_function_name': '__classify_location', 'calling_file': '/Users/pit/TracEX/tracex_project/extraction/logic/modules/module_location_extractor.py', 'calling_line': 41, 'tokens_used': 206, 'input_tokens_used': 205, 'output_tokens_used': 1}
2024-04-18 12:13:33,138 - {'calling_function_name': '__classify_location', 'calling_file': '/Users/pit/TracEX/tracex_project/extraction/logic/modules/module_location_extractor.py', 'calling_line': 41, 'tokens_used': 204, 'input_tokens_used': 203, 'output_tokens_used': 1}
2024-04-18 12:13:33,674 - {'calling_function_name': '__classify_location', 'calling_file': '/Users/pit/TracEX/tracex_project/extraction/logic/modules/module_location_extractor.py', 'calling_line': 41, 'tokens_used': 206, 'input_tokens_used': 205, 'output_tokens_used': 1}
2024-04-18 12:13:34,185 - {'calling_function_name': '__classify_location', 'calling_file': '/Users/pit/TracEX/tracex_project/extraction/logic/modules/module_location_extractor.py', 'calling_line': 41, 'tokens_used': 200, 'input_tokens_used': 199, 'output_tokens_used': 1}
2024-04-18 12:13:34,792 - {'calling_function_name': '__classify_location', 'calling_file': '/Users/pit/TracEX/tracex_project/extraction/logic/modules/module_location_extractor.py', 'calling_line': 41, 'tokens_used': 203, 'input_tokens_used': 202, 'output_tokens_used': 1}
2024-04-18 12:13:35,415 - {'calling_function_name': '__classify_location', 'calling_file': '/Users/pit/TracEX/tracex_project/extraction/logic/modules/module_location_extractor.py', 'calling_line': 41, 'tokens_used': 203, 'input_tokens_used': 202, 'output_tokens_used': 1}
2024-04-18 12:13:35,965 - {'calling_function_name': '__classify_location', 'calling_file': '/Users/pit/TracEX/tracex_project/extraction/logic/modules/module_location_extractor.py', 'calling_line': 41, 'tokens_used': 207, 'input_tokens_used': 206, 'output_tokens_used': 1}
2024-04-18 12:13:36,442 - {'calling_function_name': '__classify_location', 'calling_file': '/Users/pit/TracEX/tracex_project/extraction/logic/modules/module_location_extractor.py', 'calling_line': 41, 'tokens_used': 204, 'input_tokens_used': 203, 'output_tokens_used': 1}
2024-04-18 12:13:36,985 - {'calling_function_name': '__classify_location', 'calling_file': '/Users/pit/TracEX/tracex_project/extraction/logic/modules/module_location_extractor.py', 'calling_line': 41, 'tokens_used': 206, 'input_tokens_used': 205, 'output_tokens_used': 1}
2024-04-18 12:13:37,464 - {'calling_function_name': '__classify_location', 'calling_file': '/Users/pit/TracEX/tracex_project/extraction/logic/modules/module_location_extractor.py', 'calling_line': 41, 'tokens_used': 208, 'input_tokens_used': 207, 'output_tokens_used': 1}
2024-04-18 12:13:37,997 - {'calling_function_name': '__rate_activity_relevance', 'calling_file': '/Users/pit/TracEX/tracex_project/extraction/logic/modules/module_metrics_analyzer.py', 'calling_line': 68, 'tokens_used': 285, 'input_tokens_used': 282, 'output_tokens_used': 3}
2024-04-18 12:13:38,592 - {'calling_function_name': '__rate_activity_relevance', 'calling_file': '/Users/pit/TracEX/tracex_project/extraction/logic/modules/module_metrics_analyzer.py', 'calling_line': 68, 'tokens_used': 291, 'input_tokens_used': 288, 'output_tokens_used': 3}
2024-04-18 12:13:39,227 - {'calling_function_name': '__rate_activity_relevance', 'calling_file': '/Users/pit/TracEX/tracex_project/extraction/logic/modules/module_metrics_analyzer.py', 'calling_line': 68, 'tokens_used': 289, 'input_tokens_used': 286, 'output_tokens_used': 3}
2024-04-18 12:13:39,718 - {'calling_function_name': '__rate_activity_relevance', 'calling_file': '/Users/pit/TracEX/tracex_project/extraction/logic/modules/module_metrics_analyzer.py', 'calling_line': 68, 'tokens_used': 291, 'input_tokens_used': 288, 'output_tokens_used': 3}
2024-04-18 12:13:40,223 - {'calling_function_name': '__rate_activity_relevance', 'calling_file': '/Users/pit/TracEX/tracex_project/extraction/logic/modules/module_metrics_analyzer.py', 'calling_line': 68, 'tokens_used': 285, 'input_tokens_used': 282, 'output_tokens_used': 3}
2024-04-18 12:13:40,740 - {'calling_function_name': '__rate_activity_relevance', 'calling_file': '/Users/pit/TracEX/tracex_project/extraction/logic/modules/module_metrics_analyzer.py', 'calling_line': 68, 'tokens_used': 288, 'input_tokens_used': 285, 'output_tokens_used': 3}
2024-04-18 12:13:41,339 - {'calling_function_name': '__rate_activity_relevance', 'calling_file': '/Users/pit/TracEX/tracex_project/extraction/logic/modules/module_metrics_analyzer.py', 'calling_line': 68, 'tokens_used': 288, 'input_tokens_used': 285, 'output_tokens_used': 3}
2024-04-18 12:13:41,865 - {'calling_function_name': '__rate_activity_relevance', 'calling_file': '/Users/pit/TracEX/tracex_project/extraction/logic/modules/module_metrics_analyzer.py', 'calling_line': 68, 'tokens_used': 292, 'input_tokens_used': 289, 'output_tokens_used': 3}
2024-04-18 12:13:42,603 - {'calling_function_name': '__rate_activity_relevance', 'calling_file': '/Users/pit/TracEX/tracex_project/extraction/logic/modules/module_metrics_analyzer.py', 'calling_line': 68, 'tokens_used': 290, 'input_tokens_used': 286, 'output_tokens_used': 4}
2024-04-18 12:13:43,201 - {'calling_function_name': '__rate_activity_relevance', 'calling_file': '/Users/pit/TracEX/tracex_project/extraction/logic/modules/module_metrics_analyzer.py', 'calling_line': 68, 'tokens_used': 292, 'input_tokens_used': 288, 'output_tokens_used': 4}
2024-04-18 12:13:43,684 - {'calling_function_name': '__rate_activity_relevance', 'calling_file': '/Users/pit/TracEX/tracex_project/extraction/logic/modules/module_metrics_analyzer.py', 'calling_line': 68, 'tokens_used': 293, 'input_tokens_used': 290, 'output_tokens_used': 3}
2024-04-18 12:13:44,217 - {'calling_function_name': '__rate_timestamps_correctness', 'calling_file': '/Users/pit/TracEX/tracex_project/extraction/logic/modules/module_metrics_analyzer.py', 'calling_line': 89, 'tokens_used': 1052, 'input_tokens_used': 1051, 'output_tokens_used': 1}
2024-04-18 12:13:44,839 - {'calling_function_name': '__rate_timestamps_correctness', 'calling_file': '/Users/pit/TracEX/tracex_project/extraction/logic/modules/module_metrics_analyzer.py', 'calling_line': 89, 'tokens_used': 1056, 'input_tokens_used': 1055, 'output_tokens_used': 1}
2024-04-18 12:13:45,348 - {'calling_function_name': '__rate_timestamps_correctness', 'calling_file': '/Users/pit/TracEX/tracex_project/extraction/logic/modules/module_metrics_analyzer.py', 'calling_line': 89, 'tokens_used': 1055, 'input_tokens_used': 1054, 'output_tokens_used': 1}
2024-04-18 12:13:45,983 - {'calling_function_name': '__rate_timestamps_correctness', 'calling_file': '/Users/pit/TracEX/tracex_project/extraction/logic/modules/module_metrics_analyzer.py', 'calling_line': 89, 'tokens_used': 1058, 'input_tokens_used': 1057, 'output_tokens_used': 1}
2024-04-18 12:13:46,682 - {'calling_function_name': '__rate_timestamps_correctness', 'calling_file': '/Users/pit/TracEX/tracex_project/extraction/logic/modules/module_metrics_analyzer.py', 'calling_line': 89, 'tokens_used': 1052, 'input_tokens_used': 1051, 'output_tokens_used': 1}
2024-04-18 12:13:47,193 - {'calling_function_name': '__rate_timestamps_correctness', 'calling_file': '/Users/pit/TracEX/tracex_project/extraction/logic/modules/module_metrics_analyzer.py', 'calling_line': 89, 'tokens_used': 1054, 'input_tokens_used': 1053, 'output_tokens_used': 1}
2024-04-18 12:13:47,776 - {'calling_function_name': '__rate_timestamps_correctness', 'calling_file': '/Users/pit/TracEX/tracex_project/extraction/logic/modules/module_metrics_analyzer.py', 'calling_line': 89, 'tokens_used': 1054, 'input_tokens_used': 1053, 'output_tokens_used': 1}
2024-04-18 12:13:48,321 - {'calling_function_name': '__rate_timestamps_correctness', 'calling_file': '/Users/pit/TracEX/tracex_project/extraction/logic/modules/module_metrics_analyzer.py', 'calling_line': 89, 'tokens_used': 1058, 'input_tokens_used': 1057, 'output_tokens_used': 1}
2024-04-18 12:13:48,894 - {'calling_function_name': '__rate_timestamps_correctness', 'calling_file': '/Users/pit/TracEX/tracex_project/extraction/logic/modules/module_metrics_analyzer.py', 'calling_line': 89, 'tokens_used': 1056, 'input_tokens_used': 1055, 'output_tokens_used': 1}
2024-04-18 12:13:49,462 - {'calling_function_name': '__rate_timestamps_correctness', 'calling_file': '/Users/pit/TracEX/tracex_project/extraction/logic/modules/module_metrics_analyzer.py', 'calling_line': 89, 'tokens_used': 1056, 'input_tokens_used': 1055, 'output_tokens_used': 1}
2024-04-18 12:13:50,052 - {'calling_function_name': '__rate_timestamps_correctness', 'calling_file': '/Users/pit/TracEX/tracex_project/extraction/logic/modules/module_metrics_analyzer.py', 'calling_line': 89, 'tokens_used': 1059, 'input_tokens_used': 1058, 'output_tokens_used': 1}
2024-04-18 12:13:50,567 - {'calling_function_name': '__find_activity', 'calling_file': '/Users/pit/TracEX/tracex_project/extraction/logic/modules/module_trace_comparator.py', 'calling_line': 125, 'tokens_used': 186, 'input_tokens_used': 185, 'output_tokens_used': 1}
2024-04-18 12:13:51,207 - {'calling_function_name': '__find_activity', 'calling_file': '/Users/pit/TracEX/tracex_project/extraction/logic/modules/module_trace_comparator.py', 'calling_line': 125, 'tokens_used': 183, 'input_tokens_used': 182, 'output_tokens_used': 1}
2024-04-18 12:13:51,903 - {'calling_function_name': '__find_activity', 'calling_file': '/Users/pit/TracEX/tracex_project/extraction/logic/modules/module_trace_comparator.py', 'calling_line': 125, 'tokens_used': 182, 'input_tokens_used': 181, 'output_tokens_used': 1}
2024-04-18 12:13:52,821 - {'calling_function_name': '__find_activity', 'calling_file': '/Users/pit/TracEX/tracex_project/extraction/logic/modules/module_trace_comparator.py', 'calling_line': 125, 'tokens_used': 186, 'input_tokens_used': 185, 'output_tokens_used': 1}
2024-04-18 12:13:53,363 - {'calling_function_name': '__find_activity', 'calling_file': '/Users/pit/TracEX/tracex_project/extraction/logic/modules/module_trace_comparator.py', 'calling_line': 125, 'tokens_used': 183, 'input_tokens_used': 182, 'output_tokens_used': 1}
2024-04-18 12:13:55,858 - {'calling_function_name': '__find_activity', 'calling_file': '/Users/pit/TracEX/tracex_project/extraction/logic/modules/module_trace_comparator.py', 'calling_line': 125, 'tokens_used': 190, 'input_tokens_used': 189, 'output_tokens_used': 1}
2024-04-18 12:13:56,422 - {'calling_function_name': '__find_activity', 'calling_file': '/Users/pit/TracEX/tracex_project/extraction/logic/modules/module_trace_comparator.py', 'calling_line': 125, 'tokens_used': 187, 'input_tokens_used': 186, 'output_tokens_used': 1}
2024-04-18 12:13:57,001 - {'calling_function_name': '__find_activity', 'calling_file': '/Users/pit/TracEX/tracex_project/extraction/logic/modules/module_trace_comparator.py', 'calling_line': 125, 'tokens_used': 186, 'input_tokens_used': 185, 'output_tokens_used': 1}
2024-04-18 12:13:57,433 - {'calling_function_name': '__find_activity', 'calling_file': '/Users/pit/TracEX/tracex_project/extraction/logic/modules/module_trace_comparator.py', 'calling_line': 125, 'tokens_used': 190, 'input_tokens_used': 189, 'output_tokens_used': 1}
2024-04-18 12:13:58,097 - {'calling_function_name': '__find_activity', 'calling_file': '/Users/pit/TracEX/tracex_project/extraction/logic/modules/module_trace_comparator.py', 'calling_line': 125, 'tokens_used': 187, 'input_tokens_used': 186, 'output_tokens_used': 1}
2024-04-18 12:14:00,562 - {'calling_function_name': '__find_activity', 'calling_file': '/Users/pit/TracEX/tracex_project/extraction/logic/modules/module_trace_comparator.py', 'calling_line': 125, 'tokens_used': 189, 'input_tokens_used': 188, 'output_tokens_used': 1}
2024-04-18 12:14:01,120 - {'calling_function_name': '__find_activity', 'calling_file': '/Users/pit/TracEX/tracex_project/extraction/logic/modules/module_trace_comparator.py', 'calling_line': 125, 'tokens_used': 186, 'input_tokens_used': 185, 'output_tokens_used': 1}
2024-04-18 12:14:01,635 - {'calling_function_name': '__find_activity', 'calling_file': '/Users/pit/TracEX/tracex_project/extraction/logic/modules/module_trace_comparator.py', 'calling_line': 125, 'tokens_used': 185, 'input_tokens_used': 184, 'output_tokens_used': 1}
2024-04-18 12:14:02,092 - {'calling_function_name': '__find_activity', 'calling_file': '/Users/pit/TracEX/tracex_project/extraction/logic/modules/module_trace_comparator.py', 'calling_line': 125, 'tokens_used': 189, 'input_tokens_used': 188, 'output_tokens_used': 1}
2024-04-18 12:14:02,659 - {'calling_function_name': '__find_activity', 'calling_file': '/Users/pit/TracEX/tracex_project/extraction/logic/modules/module_trace_comparator.py', 'calling_line': 125, 'tokens_used': 186, 'input_tokens_used': 185, 'output_tokens_used': 1}
2024-04-18 12:14:05,321 - {'calling_function_name': '__find_activity', 'calling_file': '/Users/pit/TracEX/tracex_project/extraction/logic/modules/module_trace_comparator.py', 'calling_line': 125, 'tokens_used': 189, 'input_tokens_used': 188, 'output_tokens_used': 1}
2024-04-18 12:14:05,881 - {'calling_function_name': '__find_activity', 'calling_file': '/Users/pit/TracEX/tracex_project/extraction/logic/modules/module_trace_comparator.py', 'calling_line': 125, 'tokens_used': 188, 'input_tokens_used': 187, 'output_tokens_used': 1}
2024-04-18 12:14:06,441 - {'calling_function_name': '__find_activity', 'calling_file': '/Users/pit/TracEX/tracex_project/extraction/logic/modules/module_trace_comparator.py', 'calling_line': 125, 'tokens_used': 192, 'input_tokens_used': 191, 'output_tokens_used': 1}
2024-04-18 12:14:06,953 - {'calling_function_name': '__find_activity', 'calling_file': '/Users/pit/TracEX/tracex_project/extraction/logic/modules/module_trace_comparator.py', 'calling_line': 125, 'tokens_used': 189, 'input_tokens_used': 188, 'output_tokens_used': 1}
2024-04-18 12:14:07,571 - {'calling_function_name': '__find_activity', 'calling_file': '/Users/pit/TracEX/tracex_project/extraction/logic/modules/module_trace_comparator.py', 'calling_line': 125, 'tokens_used': 189, 'input_tokens_used': 188, 'output_tokens_used': 1}
2024-04-18 12:14:10,100 - {'calling_function_name': '__find_activity', 'calling_file': '/Users/pit/TracEX/tracex_project/extraction/logic/modules/module_trace_comparator.py', 'calling_line': 125, 'tokens_used': 182, 'input_tokens_used': 181, 'output_tokens_used': 1}
2024-04-18 12:14:10,644 - {'calling_function_name': '__find_activity', 'calling_file': '/Users/pit/TracEX/tracex_project/extraction/logic/modules/module_trace_comparator.py', 'calling_line': 125, 'tokens_used': 186, 'input_tokens_used': 185, 'output_tokens_used': 1}
2024-04-18 12:14:11,179 - {'calling_function_name': '__find_activity', 'calling_file': '/Users/pit/TracEX/tracex_project/extraction/logic/modules/module_trace_comparator.py', 'calling_line': 125, 'tokens_used': 183, 'input_tokens_used': 182, 'output_tokens_used': 1}
2024-04-18 12:14:11,770 - {'calling_function_name': '__find_activity', 'calling_file': '/Users/pit/TracEX/tracex_project/extraction/logic/modules/module_trace_comparator.py', 'calling_line': 125, 'tokens_used': 183, 'input_tokens_used': 182, 'output_tokens_used': 1}
2024-04-18 12:14:12,282 - {'calling_function_name': '__find_activity', 'calling_file': '/Users/pit/TracEX/tracex_project/extraction/logic/modules/module_trace_comparator.py', 'calling_line': 125, 'tokens_used': 190, 'input_tokens_used': 189, 'output_tokens_used': 1}
2024-04-18 12:14:14,824 - {'calling_function_name': '__find_activity', 'calling_file': '/Users/pit/TracEX/tracex_project/extraction/logic/modules/module_trace_comparator.py', 'calling_line': 125, 'tokens_used': 188, 'input_tokens_used': 187, 'output_tokens_used': 1}
2024-04-18 12:14:15,354 - {'calling_function_name': '__find_activity', 'calling_file': '/Users/pit/TracEX/tracex_project/extraction/logic/modules/module_trace_comparator.py', 'calling_line': 125, 'tokens_used': 185, 'input_tokens_used': 184, 'output_tokens_used': 1}
2024-04-18 12:14:15,927 - {'calling_function_name': '__find_activity', 'calling_file': '/Users/pit/TracEX/tracex_project/extraction/logic/modules/module_trace_comparator.py', 'calling_line': 125, 'tokens_used': 185, 'input_tokens_used': 184, 'output_tokens_used': 1}
2024-04-18 12:14:16,599 - {'calling_function_name': '__find_activity', 'calling_file': '/Users/pit/TracEX/tracex_project/extraction/logic/modules/module_trace_comparator.py', 'calling_line': 125, 'tokens_used': 192, 'input_tokens_used': 191, 'output_tokens_used': 1}
2024-04-18 12:14:17,305 - {'calling_function_name': '__find_activity', 'calling_file': '/Users/pit/TracEX/tracex_project/extraction/logic/modules/module_trace_comparator.py', 'calling_line': 125, 'tokens_used': 188, 'input_tokens_used': 187, 'output_tokens_used': 1}
2024-04-18 12:14:19,861 - {'calling_function_name': '__find_activity', 'calling_file': '/Users/pit/TracEX/tracex_project/extraction/logic/modules/module_trace_comparator.py', 'calling_line': 125, 'tokens_used': 185, 'input_tokens_used': 184, 'output_tokens_used': 1}
2024-04-18 12:14:20,396 - {'calling_function_name': '__find_activity', 'calling_file': '/Users/pit/TracEX/tracex_project/extraction/logic/modules/module_trace_comparator.py', 'calling_line': 125, 'tokens_used': 185, 'input_tokens_used': 184, 'output_tokens_used': 1}
2024-04-18 12:14:20,858 - {'calling_function_name': '__find_activity', 'calling_file': '/Users/pit/TracEX/tracex_project/extraction/logic/modules/module_trace_comparator.py', 'calling_line': 125, 'tokens_used': 192, 'input_tokens_used': 191, 'output_tokens_used': 1}
2024-04-18 12:14:21,539 - {'calling_function_name': '__find_activity', 'calling_file': '/Users/pit/TracEX/tracex_project/extraction/logic/modules/module_trace_comparator.py', 'calling_line': 125, 'tokens_used': 188, 'input_tokens_used': 187, 'output_tokens_used': 1}
2024-04-18 12:14:22,059 - {'calling_function_name': '__find_activity', 'calling_file': '/Users/pit/TracEX/tracex_project/extraction/logic/modules/module_trace_comparator.py', 'calling_line': 125, 'tokens_used': 187, 'input_tokens_used': 186, 'output_tokens_used': 1}
2024-04-18 12:14:24,669 - {'calling_function_name': '__find_activity', 'calling_file': '/Users/pit/TracEX/tracex_project/extraction/logic/modules/module_trace_comparator.py', 'calling_line': 125, 'tokens_used': 189, 'input_tokens_used': 188, 'output_tokens_used': 1}
2024-04-18 12:14:25,098 - {'calling_function_name': '__find_activity', 'calling_file': '/Users/pit/TracEX/tracex_project/extraction/logic/modules/module_trace_comparator.py', 'calling_line': 125, 'tokens_used': 196, 'input_tokens_used': 195, 'output_tokens_used': 1}
2024-04-18 12:14:25,696 - {'calling_function_name': '__find_activity', 'calling_file': '/Users/pit/TracEX/tracex_project/extraction/logic/modules/module_trace_comparator.py', 'calling_line': 125, 'tokens_used': 192, 'input_tokens_used': 191, 'output_tokens_used': 1}
2024-04-18 12:14:26,158 - {'calling_function_name': '__find_activity', 'calling_file': '/Users/pit/TracEX/tracex_project/extraction/logic/modules/module_trace_comparator.py', 'calling_line': 125, 'tokens_used': 191, 'input_tokens_used': 190, 'output_tokens_used': 1}
2024-04-18 12:14:26,722 - {'calling_function_name': '__find_activity', 'calling_file': '/Users/pit/TracEX/tracex_project/extraction/logic/modules/module_trace_comparator.py', 'calling_line': 125, 'tokens_used': 191, 'input_tokens_used': 190, 'output_tokens_used': 1}
2024-04-18 12:14:29,279 - {'calling_function_name': '__find_activity', 'calling_file': '/Users/pit/TracEX/tracex_project/extraction/logic/modules/module_trace_comparator.py', 'calling_line': 125, 'tokens_used': 194, 'input_tokens_used': 193, 'output_tokens_used': 1}
2024-04-18 12:14:29,893 - {'calling_function_name': '__find_activity', 'calling_file': '/Users/pit/TracEX/tracex_project/extraction/logic/modules/module_trace_comparator.py', 'calling_line': 125, 'tokens_used': 190, 'input_tokens_used': 189, 'output_tokens_used': 1}
2024-04-18 12:14:30,333 - {'calling_function_name': '__find_activity', 'calling_file': '/Users/pit/TracEX/tracex_project/extraction/logic/modules/module_trace_comparator.py', 'calling_line': 125, 'tokens_used': 189, 'input_tokens_used': 188, 'output_tokens_used': 1}
2024-04-18 12:14:30,824 - {'calling_function_name': '__find_activity', 'calling_file': '/Users/pit/TracEX/tracex_project/extraction/logic/modules/module_trace_comparator.py', 'calling_line': 125, 'tokens_used': 189, 'input_tokens_used': 188, 'output_tokens_used': 1}
2024-04-18 12:14:31,449 - {'calling_function_name': '__find_activity', 'calling_file': '/Users/pit/TracEX/tracex_project/extraction/logic/modules/module_trace_comparator.py', 'calling_line': 125, 'tokens_used': 187, 'input_tokens_used': 186, 'output_tokens_used': 1}
2024-04-18 12:14:34,090 - {'calling_function_name': '__find_activity', 'calling_file': '/Users/pit/TracEX/tracex_project/extraction/logic/modules/module_trace_comparator.py', 'calling_line': 125, 'tokens_used': 190, 'input_tokens_used': 189, 'output_tokens_used': 1}
2024-04-18 12:14:34,622 - {'calling_function_name': '__find_activity', 'calling_file': '/Users/pit/TracEX/tracex_project/extraction/logic/modules/module_trace_comparator.py', 'calling_line': 125, 'tokens_used': 189, 'input_tokens_used': 188, 'output_tokens_used': 1}
2024-04-18 12:14:35,219 - {'calling_function_name': '__find_activity', 'calling_file': '/Users/pit/TracEX/tracex_project/extraction/logic/modules/module_trace_comparator.py', 'calling_line': 125, 'tokens_used': 189, 'input_tokens_used': 188, 'output_tokens_used': 1}
2024-04-18 12:14:35,736 - {'calling_function_name': '__find_activity', 'calling_file': '/Users/pit/TracEX/tracex_project/extraction/logic/modules/module_trace_comparator.py', 'calling_line': 125, 'tokens_used': 187, 'input_tokens_used': 186, 'output_tokens_used': 1}
2024-04-18 12:14:36,237 - {'calling_function_name': '__find_activity', 'calling_file': '/Users/pit/TracEX/tracex_project/extraction/logic/modules/module_trace_comparator.py', 'calling_line': 125, 'tokens_used': 189, 'input_tokens_used': 188, 'output_tokens_used': 1}
2024-04-18 12:14:38,696 - {'calling_function_name': '__find_activity', 'calling_file': '/Users/pit/TracEX/tracex_project/extraction/logic/modules/module_trace_comparator.py', 'calling_line': 125, 'tokens_used': 192, 'input_tokens_used': 191, 'output_tokens_used': 1}
2024-04-18 12:14:39,172 - {'calling_function_name': '__find_activity', 'calling_file': '/Users/pit/TracEX/tracex_project/extraction/logic/modules/module_trace_comparator.py', 'calling_line': 125, 'tokens_used': 192, 'input_tokens_used': 191, 'output_tokens_used': 1}
2024-04-18 12:14:39,656 - {'calling_function_name': '__find_activity', 'calling_file': '/Users/pit/TracEX/tracex_project/extraction/logic/modules/module_trace_comparator.py', 'calling_line': 125, 'tokens_used': 190, 'input_tokens_used': 189, 'output_tokens_used': 1}
2024-04-18 12:14:40,183 - {'calling_function_name': '__find_activity', 'calling_file': '/Users/pit/TracEX/tracex_project/extraction/logic/modules/module_trace_comparator.py', 'calling_line': 125, 'tokens_used': 192, 'input_tokens_used': 191, 'output_tokens_used': 1}
2024-04-18 12:14:40,751 - {'calling_function_name': '__find_activity', 'calling_file': '/Users/pit/TracEX/tracex_project/extraction/logic/modules/module_trace_comparator.py', 'calling_line': 125, 'tokens_used': 193, 'input_tokens_used': 192, 'output_tokens_used': 1}
2024-04-18 12:14:43,347 - {'calling_function_name': '__find_activity', 'calling_file': '/Users/pit/TracEX/tracex_project/extraction/logic/modules/module_trace_comparator.py', 'calling_line': 125, 'tokens_used': 186, 'input_tokens_used': 185, 'output_tokens_used': 1}
2024-04-18 12:14:43,825 - {'calling_function_name': '__find_activity', 'calling_file': '/Users/pit/TracEX/tracex_project/extraction/logic/modules/module_trace_comparator.py', 'calling_line': 125, 'tokens_used': 190, 'input_tokens_used': 189, 'output_tokens_used': 1}
2024-04-18 12:14:44,341 - {'calling_function_name': '__find_activity', 'calling_file': '/Users/pit/TracEX/tracex_project/extraction/logic/modules/module_trace_comparator.py', 'calling_line': 125, 'tokens_used': 189, 'input_tokens_used': 188, 'output_tokens_used': 1}
2024-04-18 12:14:44,782 - {'calling_function_name': '__find_activity', 'calling_file': '/Users/pit/TracEX/tracex_project/extraction/logic/modules/module_trace_comparator.py', 'calling_line': 125, 'tokens_used': 192, 'input_tokens_used': 191, 'output_tokens_used': 1}
2024-04-18 12:14:45,325 - {'calling_function_name': '__find_activity', 'calling_file': '/Users/pit/TracEX/tracex_project/extraction/logic/modules/module_trace_comparator.py', 'calling_line': 125, 'tokens_used': 186, 'input_tokens_used': 185, 'output_tokens_used': 1}
2024-04-18 12:14:47,872 - {'calling_function_name': '__find_activity', 'calling_file': '/Users/pit/TracEX/tracex_project/extraction/logic/modules/module_trace_comparator.py', 'calling_line': 125, 'tokens_used': 183, 'input_tokens_used': 182, 'output_tokens_used': 1}
2024-04-18 12:14:48,278 - {'calling_function_name': '__find_activity', 'calling_file': '/Users/pit/TracEX/tracex_project/extraction/logic/modules/module_trace_comparator.py', 'calling_line': 125, 'tokens_used': 187, 'input_tokens_used': 186, 'output_tokens_used': 1}
2024-04-18 12:14:48,756 - {'calling_function_name': '__find_activity', 'calling_file': '/Users/pit/TracEX/tracex_project/extraction/logic/modules/module_trace_comparator.py', 'calling_line': 125, 'tokens_used': 186, 'input_tokens_used': 185, 'output_tokens_used': 1}
2024-04-18 12:14:49,373 - {'calling_function_name': '__find_activity', 'calling_file': '/Users/pit/TracEX/tracex_project/extraction/logic/modules/module_trace_comparator.py', 'calling_line': 125, 'tokens_used': 189, 'input_tokens_used': 188, 'output_tokens_used': 1}
2024-04-18 12:14:50,207 - {'calling_function_name': '__find_activity', 'calling_file': '/Users/pit/TracEX/tracex_project/extraction/logic/modules/module_trace_comparator.py', 'calling_line': 125, 'tokens_used': 183, 'input_tokens_used': 182, 'output_tokens_used': 1}
2024-04-18 12:14:52,786 - {'calling_function_name': '__find_activity', 'calling_file': '/Users/pit/TracEX/tracex_project/extraction/logic/modules/module_trace_comparator.py', 'calling_line': 125, 'tokens_used': 182, 'input_tokens_used': 181, 'output_tokens_used': 1}
2024-04-18 12:14:53,902 - {'calling_function_name': '__find_activity', 'calling_file': '/Users/pit/TracEX/tracex_project/extraction/logic/modules/module_trace_comparator.py', 'calling_line': 125, 'tokens_used': 186, 'input_tokens_used': 185, 'output_tokens_used': 1}
2024-04-18 12:14:54,395 - {'calling_function_name': '__find_activity', 'calling_file': '/Users/pit/TracEX/tracex_project/extraction/logic/modules/module_trace_comparator.py', 'calling_line': 125, 'tokens_used': 185, 'input_tokens_used': 184, 'output_tokens_used': 1}
2024-04-18 12:14:54,976 - {'calling_function_name': '__find_activity', 'calling_file': '/Users/pit/TracEX/tracex_project/extraction/logic/modules/module_trace_comparator.py', 'calling_line': 125, 'tokens_used': 188, 'input_tokens_used': 187, 'output_tokens_used': 1}
2024-04-18 12:14:55,405 - {'calling_function_name': '__find_activity', 'calling_file': '/Users/pit/TracEX/tracex_project/extraction/logic/modules/module_trace_comparator.py', 'calling_line': 125, 'tokens_used': 182, 'input_tokens_used': 181, 'output_tokens_used': 1}
2024-04-18 12:14:57,904 - {'calling_function_name': '__find_activity', 'calling_file': '/Users/pit/TracEX/tracex_project/extraction/logic/modules/module_trace_comparator.py', 'calling_line': 125, 'tokens_used': 190, 'input_tokens_used': 189, 'output_tokens_used': 1}
2024-04-18 12:14:58,386 - {'calling_function_name': '__find_activity', 'calling_file': '/Users/pit/TracEX/tracex_project/extraction/logic/modules/module_trace_comparator.py', 'calling_line': 125, 'tokens_used': 189, 'input_tokens_used': 188, 'output_tokens_used': 1}
2024-04-18 12:14:58,868 - {'calling_function_name': '__find_activity', 'calling_file': '/Users/pit/TracEX/tracex_project/extraction/logic/modules/module_trace_comparator.py', 'calling_line': 125, 'tokens_used': 192, 'input_tokens_used': 191, 'output_tokens_used': 1}
2024-04-18 12:14:59,292 - {'calling_function_name': '__find_activity', 'calling_file': '/Users/pit/TracEX/tracex_project/extraction/logic/modules/module_trace_comparator.py', 'calling_line': 125, 'tokens_used': 186, 'input_tokens_used': 185, 'output_tokens_used': 1}
2024-04-18 12:14:59,783 - {'calling_function_name': '__find_activity', 'calling_file': '/Users/pit/TracEX/tracex_project/extraction/logic/modules/module_trace_comparator.py', 'calling_line': 125, 'tokens_used': 188, 'input_tokens_used': 187, 'output_tokens_used': 1}
2024-04-18 12:15:02,306 - {'calling_function_name': '__find_activity', 'calling_file': '/Users/pit/TracEX/tracex_project/extraction/logic/modules/module_trace_comparator.py', 'calling_line': 125, 'tokens_used': 186, 'input_tokens_used': 185, 'output_tokens_used': 1}
2024-04-18 12:15:02,840 - {'calling_function_name': '__find_activity', 'calling_file': '/Users/pit/TracEX/tracex_project/extraction/logic/modules/module_trace_comparator.py', 'calling_line': 125, 'tokens_used': 189, 'input_tokens_used': 188, 'output_tokens_used': 1}
2024-04-18 12:15:03,342 - {'calling_function_name': '__find_activity', 'calling_file': '/Users/pit/TracEX/tracex_project/extraction/logic/modules/module_trace_comparator.py', 'calling_line': 125, 'tokens_used': 183, 'input_tokens_used': 182, 'output_tokens_used': 1}
2024-04-18 12:15:03,847 - {'calling_function_name': '__find_activity', 'calling_file': '/Users/pit/TracEX/tracex_project/extraction/logic/modules/module_trace_comparator.py', 'calling_line': 125, 'tokens_used': 185, 'input_tokens_used': 184, 'output_tokens_used': 1}
2024-04-18 12:15:04,439 - {'calling_function_name': '__find_activity', 'calling_file': '/Users/pit/TracEX/tracex_project/extraction/logic/modules/module_trace_comparator.py', 'calling_line': 125, 'tokens_used': 185, 'input_tokens_used': 184, 'output_tokens_used': 1}
2024-04-18 12:15:07,050 - {'calling_function_name': '__find_activity', 'calling_file': '/Users/pit/TracEX/tracex_project/extraction/logic/modules/module_trace_comparator.py', 'calling_line': 125, 'tokens_used': 189, 'input_tokens_used': 188, 'output_tokens_used': 1}
2024-04-18 12:15:07,579 - {'calling_function_name': '__find_activity', 'calling_file': '/Users/pit/TracEX/tracex_project/extraction/logic/modules/module_trace_comparator.py', 'calling_line': 125, 'tokens_used': 183, 'input_tokens_used': 182, 'output_tokens_used': 1}
2024-04-18 12:15:08,104 - {'calling_function_name': '__find_activity', 'calling_file': '/Users/pit/TracEX/tracex_project/extraction/logic/modules/module_trace_comparator.py', 'calling_line': 125, 'tokens_used': 185, 'input_tokens_used': 184, 'output_tokens_used': 1}
2024-04-18 12:15:08,624 - {'calling_function_name': '__find_activity', 'calling_file': '/Users/pit/TracEX/tracex_project/extraction/logic/modules/module_trace_comparator.py', 'calling_line': 125, 'tokens_used': 185, 'input_tokens_used': 184, 'output_tokens_used': 1}
2024-04-18 12:15:09,625 - {'calling_function_name': '__find_activity', 'calling_file': '/Users/pit/TracEX/tracex_project/extraction/logic/modules/module_trace_comparator.py', 'calling_line': 125, 'tokens_used': 189, 'input_tokens_used': 188, 'output_tokens_used': 1}
2024-04-18 12:15:12,279 - {'calling_function_name': '__find_activity', 'calling_file': '/Users/pit/TracEX/tracex_project/extraction/logic/modules/module_trace_comparator.py', 'calling_line': 125, 'tokens_used': 190, 'input_tokens_used': 189, 'output_tokens_used': 1}
2024-04-18 12:15:12,794 - {'calling_function_name': '__find_activity', 'calling_file': '/Users/pit/TracEX/tracex_project/extraction/logic/modules/module_trace_comparator.py', 'calling_line': 125, 'tokens_used': 192, 'input_tokens_used': 191, 'output_tokens_used': 1}
2024-04-18 12:15:13,261 - {'calling_function_name': '__find_activity', 'calling_file': '/Users/pit/TracEX/tracex_project/extraction/logic/modules/module_trace_comparator.py', 'calling_line': 125, 'tokens_used': 192, 'input_tokens_used': 191, 'output_tokens_used': 1}
2024-04-18 12:15:13,791 - {'calling_function_name': '__find_activity', 'calling_file': '/Users/pit/TracEX/tracex_project/extraction/logic/modules/module_trace_comparator.py', 'calling_line': 125, 'tokens_used': 196, 'input_tokens_used': 195, 'output_tokens_used': 1}
2024-04-18 12:15:14,297 - {'calling_function_name': '__find_activity', 'calling_file': '/Users/pit/TracEX/tracex_project/extraction/logic/modules/module_trace_comparator.py', 'calling_line': 125, 'tokens_used': 194, 'input_tokens_used': 193, 'output_tokens_used': 1}
2024-04-18 12:15:16,897 - {'calling_function_name': '__find_activity', 'calling_file': '/Users/pit/TracEX/tracex_project/extraction/logic/modules/module_trace_comparator.py', 'calling_line': 125, 'tokens_used': 188, 'input_tokens_used': 187, 'output_tokens_used': 1}
2024-04-18 12:15:17,412 - {'calling_function_name': '__find_activity', 'calling_file': '/Users/pit/TracEX/tracex_project/extraction/logic/modules/module_trace_comparator.py', 'calling_line': 125, 'tokens_used': 188, 'input_tokens_used': 187, 'output_tokens_used': 1}
2024-04-18 12:15:18,021 - {'calling_function_name': '__find_activity', 'calling_file': '/Users/pit/TracEX/tracex_project/extraction/logic/modules/module_trace_comparator.py', 'calling_line': 125, 'tokens_used': 192, 'input_tokens_used': 191, 'output_tokens_used': 1}
2024-04-18 12:15:18,572 - {'calling_function_name': '__find_activity', 'calling_file': '/Users/pit/TracEX/tracex_project/extraction/logic/modules/module_trace_comparator.py', 'calling_line': 125, 'tokens_used': 190, 'input_tokens_used': 189, 'output_tokens_used': 1}
2024-04-18 12:15:19,068 - {'calling_function_name': '__find_activity', 'calling_file': '/Users/pit/TracEX/tracex_project/extraction/logic/modules/module_trace_comparator.py', 'calling_line': 125, 'tokens_used': 190, 'input_tokens_used': 189, 'output_tokens_used': 1}
2024-04-18 12:15:21,613 - {'calling_function_name': '__find_activity', 'calling_file': '/Users/pit/TracEX/tracex_project/extraction/logic/modules/module_trace_comparator.py', 'calling_line': 125, 'tokens_used': 187, 'input_tokens_used': 186, 'output_tokens_used': 1}
2024-04-18 12:15:22,124 - {'calling_function_name': '__find_activity', 'calling_file': '/Users/pit/TracEX/tracex_project/extraction/logic/modules/module_trace_comparator.py', 'calling_line': 125, 'tokens_used': 191, 'input_tokens_used': 190, 'output_tokens_used': 1}
2024-04-18 12:15:22,638 - {'calling_function_name': '__find_activity', 'calling_file': '/Users/pit/TracEX/tracex_project/extraction/logic/modules/module_trace_comparator.py', 'calling_line': 125, 'tokens_used': 189, 'input_tokens_used': 188, 'output_tokens_used': 1}
2024-04-18 12:15:23,244 - {'calling_function_name': '__find_activity', 'calling_file': '/Users/pit/TracEX/tracex_project/extraction/logic/modules/module_trace_comparator.py', 'calling_line': 125, 'tokens_used': 189, 'input_tokens_used': 188, 'output_tokens_used': 1}
2024-04-18 12:15:23,877 - {'calling_function_name': '__find_activity', 'calling_file': '/Users/pit/TracEX/tracex_project/extraction/logic/modules/module_trace_comparator.py', 'calling_line': 125, 'tokens_used': 192, 'input_tokens_used': 191, 'output_tokens_used': 1}
2024-04-18 12:15:26,398 - {'calling_function_name': '__find_activity', 'calling_file': '/Users/pit/TracEX/tracex_project/extraction/logic/modules/module_trace_comparator.py', 'calling_line': 125, 'tokens_used': 191, 'input_tokens_used': 190, 'output_tokens_used': 1}
2024-04-18 12:15:26,817 - {'calling_function_name': '__find_activity', 'calling_file': '/Users/pit/TracEX/tracex_project/extraction/logic/modules/module_trace_comparator.py', 'calling_line': 125, 'tokens_used': 189, 'input_tokens_used': 188, 'output_tokens_used': 1}
2024-04-18 12:15:27,345 - {'calling_function_name': '__find_activity', 'calling_file': '/Users/pit/TracEX/tracex_project/extraction/logic/modules/module_trace_comparator.py', 'calling_line': 125, 'tokens_used': 189, 'input_tokens_used': 188, 'output_tokens_used': 1}
2024-04-18 12:15:27,852 - {'calling_function_name': '__find_activity', 'calling_file': '/Users/pit/TracEX/tracex_project/extraction/logic/modules/module_trace_comparator.py', 'calling_line': 125, 'tokens_used': 192, 'input_tokens_used': 191, 'output_tokens_used': 1}
2024-04-18 12:15:30,345 - {'calling_function_name': '__find_activity', 'calling_file': '/Users/pit/TracEX/tracex_project/extraction/logic/modules/module_trace_comparator.py', 'calling_line': 125, 'tokens_used': 189, 'input_tokens_used': 188, 'output_tokens_used': 1}
2024-04-18 12:15:30,807 - {'calling_function_name': '__find_activity', 'calling_file': '/Users/pit/TracEX/tracex_project/extraction/logic/modules/module_trace_comparator.py', 'calling_line': 125, 'tokens_used': 187, 'input_tokens_used': 186, 'output_tokens_used': 1}
2024-04-18 12:15:31,340 - {'calling_function_name': '__find_activity', 'calling_file': '/Users/pit/TracEX/tracex_project/extraction/logic/modules/module_trace_comparator.py', 'calling_line': 125, 'tokens_used': 187, 'input_tokens_used': 186, 'output_tokens_used': 1}
2024-04-18 12:15:31,832 - {'calling_function_name': '__find_activity', 'calling_file': '/Users/pit/TracEX/tracex_project/extraction/logic/modules/module_trace_comparator.py', 'calling_line': 125, 'tokens_used': 190, 'input_tokens_used': 189, 'output_tokens_used': 1}
2024-04-18 12:16:18,987 - {'calling_function_name': '__find_activity', 'calling_file': '/Users/pit/TracEX/tracex_project/extraction/logic/modules/module_trace_comparator.py', 'calling_line': 125, 'tokens_used': 191, 'input_tokens_used': 190, 'output_tokens_used': 1}
2024-04-18 12:16:19,640 - {'calling_function_name': '__find_activity', 'calling_file': '/Users/pit/TracEX/tracex_project/extraction/logic/modules/module_trace_comparator.py', 'calling_line': 125, 'tokens_used': 189, 'input_tokens_used': 188, 'output_tokens_used': 1}
2024-04-18 12:16:20,494 - {'calling_function_name': '__find_activity', 'calling_file': '/Users/pit/TracEX/tracex_project/extraction/logic/modules/module_trace_comparator.py', 'calling_line': 125, 'tokens_used': 189, 'input_tokens_used': 188, 'output_tokens_used': 1}
2024-04-18 12:16:20,959 - {'calling_function_name': '__find_activity', 'calling_file': '/Users/pit/TracEX/tracex_project/extraction/logic/modules/module_trace_comparator.py', 'calling_line': 125, 'tokens_used': 192, 'input_tokens_used': 191, 'output_tokens_used': 1}
2024-04-18 12:16:23,479 - {'calling_function_name': '__find_activity', 'calling_file': '/Users/pit/TracEX/tracex_project/extraction/logic/modules/module_trace_comparator.py', 'calling_line': 125, 'tokens_used': 192, 'input_tokens_used': 191, 'output_tokens_used': 1}
2024-04-18 12:16:24,071 - {'calling_function_name': '__find_activity', 'calling_file': '/Users/pit/TracEX/tracex_project/extraction/logic/modules/module_trace_comparator.py', 'calling_line': 125, 'tokens_used': 190, 'input_tokens_used': 189, 'output_tokens_used': 1}
2024-04-18 12:16:24,525 - {'calling_function_name': '__find_activity', 'calling_file': '/Users/pit/TracEX/tracex_project/extraction/logic/modules/module_trace_comparator.py', 'calling_line': 125, 'tokens_used': 190, 'input_tokens_used': 189, 'output_tokens_used': 1}
2024-04-18 12:16:25,006 - {'calling_function_name': '__find_activity', 'calling_file': '/Users/pit/TracEX/tracex_project/extraction/logic/modules/module_trace_comparator.py', 'calling_line': 125, 'tokens_used': 193, 'input_tokens_used': 192, 'output_tokens_used': 1}
2024-04-18 12:16:27,456 - {'calling_function_name': '__find_activity', 'calling_file': '/Users/pit/TracEX/tracex_project/extraction/logic/modules/module_trace_comparator.py', 'calling_line': 125, 'tokens_used': 192, 'input_tokens_used': 191, 'output_tokens_used': 1}
2024-04-18 12:16:28,079 - {'calling_function_name': '__find_activity', 'calling_file': '/Users/pit/TracEX/tracex_project/extraction/logic/modules/module_trace_comparator.py', 'calling_line': 125, 'tokens_used': 190, 'input_tokens_used': 189, 'output_tokens_used': 1}
2024-04-18 12:16:28,593 - {'calling_function_name': '__find_activity', 'calling_file': '/Users/pit/TracEX/tracex_project/extraction/logic/modules/module_trace_comparator.py', 'calling_line': 125, 'tokens_used': 190, 'input_tokens_used': 189, 'output_tokens_used': 1}
2024-04-18 12:16:29,095 - {'calling_function_name': '__find_activity', 'calling_file': '/Users/pit/TracEX/tracex_project/extraction/logic/modules/module_trace_comparator.py', 'calling_line': 125, 'tokens_used': 193, 'input_tokens_used': 192, 'output_tokens_used': 1}
2024-04-18 12:16:31,616 - {'calling_function_name': '__find_activity', 'calling_file': '/Users/pit/TracEX/tracex_project/extraction/logic/modules/module_trace_comparator.py', 'calling_line': 125, 'tokens_used': 195, 'input_tokens_used': 194, 'output_tokens_used': 1}
2024-04-18 12:16:32,111 - {'calling_function_name': '__find_activity', 'calling_file': '/Users/pit/TracEX/tracex_project/extraction/logic/modules/module_trace_comparator.py', 'calling_line': 125, 'tokens_used': 193, 'input_tokens_used': 192, 'output_tokens_used': 1}
2024-04-18 12:16:32,551 - {'calling_function_name': '__find_activity', 'calling_file': '/Users/pit/TracEX/tracex_project/extraction/logic/modules/module_trace_comparator.py', 'calling_line': 125, 'tokens_used': 193, 'input_tokens_used': 192, 'output_tokens_used': 1}
2024-04-18 12:16:33,087 - {'calling_function_name': '__find_activity', 'calling_file': '/Users/pit/TracEX/tracex_project/extraction/logic/modules/module_trace_comparator.py', 'calling_line': 125, 'tokens_used': 196, 'input_tokens_used': 195, 'output_tokens_used': 1}
2024-04-18 12:16:35,664 - {'calling_function_name': '__find_activity', 'calling_file': '/Users/pit/TracEX/tracex_project/extraction/logic/modules/module_trace_comparator.py', 'calling_line': 125, 'tokens_used': 190, 'input_tokens_used': 189, 'output_tokens_used': 1}
2024-04-18 12:16:36,265 - {'calling_function_name': '__find_activity', 'calling_file': '/Users/pit/TracEX/tracex_project/extraction/logic/modules/module_trace_comparator.py', 'calling_line': 125, 'tokens_used': 188, 'input_tokens_used': 187, 'output_tokens_used': 1}
2024-04-18 12:16:36,795 - {'calling_function_name': '__find_activity', 'calling_file': '/Users/pit/TracEX/tracex_project/extraction/logic/modules/module_trace_comparator.py', 'calling_line': 125, 'tokens_used': 188, 'input_tokens_used': 187, 'output_tokens_used': 1}
2024-04-18 12:16:37,244 - {'calling_function_name': '__find_activity', 'calling_file': '/Users/pit/TracEX/tracex_project/extraction/logic/modules/module_trace_comparator.py', 'calling_line': 125, 'tokens_used': 191, 'input_tokens_used': 190, 'output_tokens_used': 1}
2024-04-18 12:16:39,734 - {'calling_function_name': '__find_activity', 'calling_file': '/Users/pit/TracEX/tracex_project/extraction/logic/modules/module_trace_comparator.py', 'calling_line': 125, 'tokens_used': 191, 'input_tokens_used': 190, 'output_tokens_used': 1}
2024-04-18 12:16:40,360 - {'calling_function_name': '__find_activity', 'calling_file': '/Users/pit/TracEX/tracex_project/extraction/logic/modules/module_trace_comparator.py', 'calling_line': 125, 'tokens_used': 189, 'input_tokens_used': 188, 'output_tokens_used': 1}
2024-04-18 12:16:40,883 - {'calling_function_name': '__find_activity', 'calling_file': '/Users/pit/TracEX/tracex_project/extraction/logic/modules/module_trace_comparator.py', 'calling_line': 125, 'tokens_used': 189, 'input_tokens_used': 188, 'output_tokens_used': 1}
2024-04-18 12:16:41,384 - {'calling_function_name': '__find_activity', 'calling_file': '/Users/pit/TracEX/tracex_project/extraction/logic/modules/module_trace_comparator.py', 'calling_line': 125, 'tokens_used': 192, 'input_tokens_used': 191, 'output_tokens_used': 1}
2024-04-18 12:16:43,840 - {'calling_function_name': '__find_activity', 'calling_file': '/Users/pit/TracEX/tracex_project/extraction/logic/modules/module_trace_comparator.py', 'calling_line': 125, 'tokens_used': 191, 'input_tokens_used': 190, 'output_tokens_used': 1}
2024-04-18 12:16:44,366 - {'calling_function_name': '__find_activity', 'calling_file': '/Users/pit/TracEX/tracex_project/extraction/logic/modules/module_trace_comparator.py', 'calling_line': 125, 'tokens_used': 189, 'input_tokens_used': 188, 'output_tokens_used': 1}
2024-04-18 12:16:44,866 - {'calling_function_name': '__find_activity', 'calling_file': '/Users/pit/TracEX/tracex_project/extraction/logic/modules/module_trace_comparator.py', 'calling_line': 125, 'tokens_used': 189, 'input_tokens_used': 188, 'output_tokens_used': 1}
2024-04-18 12:16:45,373 - {'calling_function_name': '__find_activity', 'calling_file': '/Users/pit/TracEX/tracex_project/extraction/logic/modules/module_trace_comparator.py', 'calling_line': 125, 'tokens_used': 192, 'input_tokens_used': 191, 'output_tokens_used': 1}
